[GIN] 2020/05/11 - 09:23:08 | 200 |    9.769553ms |             ::1 | GET      "/"
[GIN] 2020/05/11 - 09:23:08 | 200 |     349.388µs |             ::1 | GET      "/static/css/chunk-elementUI.ded27da0.css"
[GIN] 2020/05/11 - 09:23:08 | 200 |     234.229µs |             ::1 | GET      "/static/css/chunk-libs.3dfb7769.css"
[GIN] 2020/05/11 - 09:23:08 | 200 |     308.687µs |             ::1 | GET      "/static/css/app.2107c99d.css"
[GIN] 2020/05/11 - 09:23:08 | 200 |     528.929µs |             ::1 | GET      "/static/js/chunk-elementUI.2343f68b.js"
[GIN] 2020/05/11 - 09:23:08 | 200 |     609.508µs |             ::1 | GET      "/static/js/app.332cd29d.js"
[GIN] 2020/05/11 - 09:23:08 | 200 |     681.096µs |             ::1 | GET      "/static/js/chunk-libs.eee2dcd9.js"
[GIN] 2020/05/11 - 09:23:09 | 200 |    1.364821ms |             ::1 | GET      "/static/css/chunk-15085f4c.d9fc9262.css"
[GIN] 2020/05/11 - 09:23:09 | 200 |    1.291709ms |             ::1 | GET      "/static/js/chunk-15085f4c.8db165f2.js"
[GIN] 2020/05/11 - 09:23:10 | 200 |     895.934µs |             ::1 | GET      "/favicon.ico"
[GIN] 2020/05/11 - 09:23:16 | 200 |  141.883931ms |             ::1 | GET      "/static/fonts/element-icons.535877f5.woff"
[GIN] 2020/05/11 - 09:23:17 | 200 |  897.895511ms |             ::1 | POST     "/user/login"
[GIN] 2020/05/11 - 09:23:17 | 200 |  144.939212ms |             ::1 | GET      "/api/v1/user/info"
[GIN] 2020/05/11 - 09:23:17 | 200 |    1.076805ms |             ::1 | GET      "/static/css/chunk-a3fa16c6.b902ef2d.css"
[GIN] 2020/05/11 - 09:23:17 | 200 |     832.724µs |             ::1 | GET      "/static/js/chunk-a3fa16c6.f8914204.js"
[GIN] 2020/05/11 - 09:23:17 | 200 |  155.716346ms |             ::1 | GET      "/api/v1/user/info"
[GIN] 2020/05/11 - 09:23:27 | 200 |  1.231410794s |             ::1 | GET      "/api/v1/user/info"
[GIN] 2020/05/11 - 09:23:27 | 200 |    1.165418ms |             ::1 | GET      "/static/css/chunk-2aaab5fe.23a2ad51.css"
[GIN] 2020/05/11 - 09:23:27 | 200 |    1.010003ms |             ::1 | GET      "/static/js/chunk-2aaab5fe.eb88fefe.js"
[GIN] 2020/05/11 - 09:23:28 | 200 |   77.984877ms |             ::1 | GET      "/api/v1/config/list"
[GIN] 2020/05/11 - 09:23:47 | 200 |  242.411344ms |             ::1 | GET      "/api/v1/user/info"
[GIN] 2020/05/11 - 09:23:47 | 200 |     959.474µs |             ::1 | GET      "/static/js/chunk-26b79b28.725781cd.js"
[GIN] 2020/05/11 - 09:23:47 | 200 |    1.348368ms |             ::1 | GET      "/static/css/chunk-26b79b28.5c8e99ce.css"
[GIN] 2020/05/11 - 09:23:48 | 200 |   79.633735ms |             ::1 | GET      "/api/v1/server/list"
[GIN] 2020/05/11 - 09:24:33 | 200 |  213.532627ms |             ::1 | POST     "/api/v1/server/info"
[GIN] 2020/05/11 - 09:25:00 | 200 |  219.437276ms |             ::1 | POST     "/api/v1/server/info"
[GIN] 2020/05/11 - 09:25:03 | 200 |  813.617202ms |             ::1 | GET      "/api/v1/user/info"
[GIN] 2020/05/11 - 09:25:03 | 200 |     795.913µs |             ::1 | GET      "/static/css/chunk-5f709bde.aea91c1b.css"
[GIN] 2020/05/11 - 09:25:03 | 200 |    1.761439ms |             ::1 | GET      "/static/js/chunk-5f709bde.0443bedf.js"
[GIN] 2020/05/11 - 09:25:04 | 200 |   55.938554ms |             ::1 | GET      "/api/v1/server/detail?id=efc77c5d-31bd-42bc-8441-59bd0072ac82"
[GIN] 2020/05/11 - 09:25:14 | 200 |  100.746751ms |             ::1 | GET      "/api/v1/user/info"
[GIN] 2020/05/11 - 09:25:15 | 200 |  185.924864ms |             ::1 | GET      "/api/v1/server/list"
[GIN] 2020/05/11 - 09:25:19 | 200 |  153.024597ms |             ::1 | POST     "/api/v1/server"
[GIN] 2020/05/11 - 09:25:20 | 200 |   51.131088ms |             ::1 | GET      "/api/v1/server/ping?id=efc77c5d-31bd-42bc-8441-59bd0072ac82"
[GIN] 2020/05/11 - 09:25:21 | 200 |  367.891683ms |             ::1 | GET      "/api/v1/server/ping?id=efc77c5d-31bd-42bc-8441-59bd0072ac82"
[GIN] 2020/05/11 - 09:25:22 | 200 |  149.200922ms |             ::1 | GET      "/api/v1/server/ping?id=efc77c5d-31bd-42bc-8441-59bd0072ac82"
[GIN] 2020/05/11 - 09:25:23 | 200 |    81.31829ms |             ::1 | GET      "/api/v1/server/ping?id=efc77c5d-31bd-42bc-8441-59bd0072ac82"
[GIN] 2020/05/11 - 09:25:24 | 200 |   52.202613ms |             ::1 | GET      "/api/v1/server/ping?id=efc77c5d-31bd-42bc-8441-59bd0072ac82"
[GIN] 2020/05/11 - 09:25:25 | 200 |  159.524998ms |             ::1 | GET      "/api/v1/server/ping?id=efc77c5d-31bd-42bc-8441-59bd0072ac82"
[GIN] 2020/05/11 - 09:25:26 | 200 |   42.045749ms |             ::1 | GET      "/api/v1/server/ping?id=efc77c5d-31bd-42bc-8441-59bd0072ac82"
[GIN] 2020/05/11 - 09:25:27 | 200 |   41.235994ms |             ::1 | GET      "/api/v1/server/ping?id=efc77c5d-31bd-42bc-8441-59bd0072ac82"
[GIN] 2020/05/11 - 09:25:28 | 200 |   69.895367ms |             ::1 | GET      "/api/v1/server/ping?id=efc77c5d-31bd-42bc-8441-59bd0072ac82"
[GIN] 2020/05/11 - 09:25:29 | 200 |  197.358519ms |             ::1 | GET      "/api/v1/server/ping?id=efc77c5d-31bd-42bc-8441-59bd0072ac82"
[GIN] 2020/05/11 - 09:25:30 | 200 |   64.225959ms |             ::1 | GET      "/api/v1/server/ping?id=efc77c5d-31bd-42bc-8441-59bd0072ac82"
[GIN] 2020/05/11 - 09:25:31 | 200 |  182.216217ms |             ::1 | GET      "/api/v1/server/ping?id=efc77c5d-31bd-42bc-8441-59bd0072ac82"
[GIN] 2020/05/11 - 09:25:32 | 200 |  171.528811ms |             ::1 | GET      "/api/v1/server/ping?id=efc77c5d-31bd-42bc-8441-59bd0072ac82"
[GIN] 2020/05/11 - 09:25:33 | 200 |  173.997506ms |             ::1 | GET      "/api/v1/server/ping?id=efc77c5d-31bd-42bc-8441-59bd0072ac82"
[GIN] 2020/05/11 - 09:25:34 | 200 |  343.959643ms |             ::1 | GET      "/api/v1/server/ping?id=efc77c5d-31bd-42bc-8441-59bd0072ac82"
[GIN] 2020/05/11 - 09:25:35 | 200 |   59.459978ms |             ::1 | GET      "/api/v1/server/ping?id=efc77c5d-31bd-42bc-8441-59bd0072ac82"
[GIN] 2020/05/11 - 09:25:36 | 200 |   45.066497ms |             ::1 | GET      "/api/v1/server/ping?id=efc77c5d-31bd-42bc-8441-59bd0072ac82"
[GIN] 2020/05/11 - 09:25:37 | 200 |   47.531122ms |             ::1 | GET      "/api/v1/server/ping?id=efc77c5d-31bd-42bc-8441-59bd0072ac82"
[GIN] 2020/05/11 - 09:25:37 | 200 |  495.874033ms |             ::1 | GET      "/api/v1/user/info"
[GIN] 2020/05/11 - 09:25:38 | 200 |   57.848346ms |             ::1 | GET      "/api/v1/server/ping?id=efc77c5d-31bd-42bc-8441-59bd0072ac82"
[GIN] 2020/05/11 - 09:25:38 | 200 |   71.971202ms |             ::1 | GET      "/api/v1/server/detail?id=efc77c5d-31bd-42bc-8441-59bd0072ac82"
[GIN] 2020/05/11 - 09:25:39 | 200 |   65.945488ms |             ::1 | GET      "/api/v1/server/ping?id=efc77c5d-31bd-42bc-8441-59bd0072ac82"
[GIN] 2020/05/11 - 09:25:40 | 200 |  176.327393ms |             ::1 | GET      "/api/v1/server/ping?id=efc77c5d-31bd-42bc-8441-59bd0072ac82"
[GIN] 2020/05/11 - 09:25:41 | 200 |  315.269356ms |             ::1 | GET      "/api/v1/server/ping?id=efc77c5d-31bd-42bc-8441-59bd0072ac82"
[GIN] 2020/05/11 - 09:25:42 | 200 |   57.921906ms |             ::1 | GET      "/api/v1/server/ping?id=efc77c5d-31bd-42bc-8441-59bd0072ac82"
[GIN] 2020/05/11 - 09:25:43 | 200 |  195.443348ms |             ::1 | GET      "/api/v1/server/ping?id=efc77c5d-31bd-42bc-8441-59bd0072ac82"
[GIN] 2020/05/11 - 09:25:44 | 200 |    301.4208ms |             ::1 | GET      "/api/v1/server/ping?id=efc77c5d-31bd-42bc-8441-59bd0072ac82"
[GIN] 2020/05/11 - 09:25:45 | 200 |  296.507984ms |             ::1 | GET      "/api/v1/server/ping?id=efc77c5d-31bd-42bc-8441-59bd0072ac82"
[GIN] 2020/05/11 - 09:25:46 | 200 |  375.502084ms |             ::1 | GET      "/api/v1/server/ping?id=efc77c5d-31bd-42bc-8441-59bd0072ac82"
[GIN] 2020/05/11 - 09:25:47 | 200 |   43.158169ms |             ::1 | GET      "/api/v1/server/ping?id=efc77c5d-31bd-42bc-8441-59bd0072ac82"
[GIN] 2020/05/11 - 09:25:48 | 200 |   44.535876ms |             ::1 | GET      "/api/v1/server/ping?id=efc77c5d-31bd-42bc-8441-59bd0072ac82"
[GIN] 2020/05/11 - 09:25:49 | 200 |  915.350736ms |             ::1 | GET      "/api/v1/server/ping?id=efc77c5d-31bd-42bc-8441-59bd0072ac82"
[GIN] 2020/05/11 - 09:25:50 | 200 |   41.742024ms |             ::1 | GET      "/api/v1/server/ping?id=efc77c5d-31bd-42bc-8441-59bd0072ac82"
[GIN] 2020/05/11 - 09:25:50 | 200 |   48.606629ms |             ::1 | GET      "/api/v1/server/list"
[GIN] 2020/05/11 - 09:26:51 | 200 |  188.571513ms |             ::1 | GET      "/api/v1/user/info"
[GIN] 2020/05/11 - 09:26:52 | 200 |   63.062046ms |             ::1 | GET      "/api/v1/server/list"
[GIN] 2020/05/11 - 09:26:55 | 200 |   94.497924ms |             ::1 | GET      "/api/v1/user/info"
[GIN] 2020/05/11 - 09:26:56 | 200 |   47.644611ms |             ::1 | GET      "/api/v1/server/detail?id=efc77c5d-31bd-42bc-8441-59bd0072ac82"
[GIN] 2020/05/11 - 09:28:30 | 200 |  197.835412ms |             ::1 | GET      "/api/v1/user/info"
[GIN] 2020/05/11 - 09:28:31 | 200 |   238.27745ms |             ::1 | GET      "/api/v1/server/list"
[GIN] 2020/05/11 - 09:29:21 | 200 |  316.510804ms |             ::1 | POST     "/api/v1/server/info"
[GIN] 2020/05/11 - 09:29:31 | 200 |  2.696363101s |             ::1 | POST     "/api/v1/server"
[GIN] 2020/05/11 - 09:29:32 | 200 |  150.033958ms |             ::1 | GET      "/api/v1/server/ping?id=efc77c5d-31bd-42bc-8441-59bd0072ac82"
[GIN] 2020/05/11 - 09:29:33 | 200 |   41.312349ms |             ::1 | GET      "/api/v1/server/ping?id=efc77c5d-31bd-42bc-8441-59bd0072ac82"
[GIN] 2020/05/11 - 09:29:34 | 200 |  183.108616ms |             ::1 | GET      "/api/v1/server/ping?id=efc77c5d-31bd-42bc-8441-59bd0072ac82"
[GIN] 2020/05/11 - 09:29:35 | 200 |   184.34173ms |             ::1 | GET      "/api/v1/server/ping?id=efc77c5d-31bd-42bc-8441-59bd0072ac82"
[GIN] 2020/05/11 - 09:29:36 | 200 |   70.214757ms |             ::1 | GET      "/api/v1/server/ping?id=efc77c5d-31bd-42bc-8441-59bd0072ac82"
[GIN] 2020/05/11 - 09:29:37 | 200 |   63.603875ms |             ::1 | GET      "/api/v1/server/ping?id=efc77c5d-31bd-42bc-8441-59bd0072ac82"
[GIN] 2020/05/11 - 09:29:38 | 200 |   556.53393ms |             ::1 | GET      "/api/v1/server/ping?id=efc77c5d-31bd-42bc-8441-59bd0072ac82"
[GIN] 2020/05/11 - 09:29:39 | 200 |  506.248143ms |             ::1 | GET      "/api/v1/server/ping?id=efc77c5d-31bd-42bc-8441-59bd0072ac82"
[GIN] 2020/05/11 - 09:29:40 | 200 |  180.045465ms |             ::1 | GET      "/api/v1/server/ping?id=efc77c5d-31bd-42bc-8441-59bd0072ac82"
[GIN] 2020/05/11 - 09:29:42 | 200 |  984.519297ms |             ::1 | GET      "/api/v1/server/ping?id=efc77c5d-31bd-42bc-8441-59bd0072ac82"
[GIN] 2020/05/11 - 09:29:42 | 200 |   51.094604ms |             ::1 | GET      "/api/v1/server/ping?id=efc77c5d-31bd-42bc-8441-59bd0072ac82"
[GIN] 2020/05/11 - 09:29:43 | 200 |   50.563372ms |             ::1 | GET      "/api/v1/server/ping?id=efc77c5d-31bd-42bc-8441-59bd0072ac82"
[GIN] 2020/05/11 - 09:29:44 | 200 |   57.620911ms |             ::1 | GET      "/api/v1/server/ping?id=efc77c5d-31bd-42bc-8441-59bd0072ac82"
[GIN] 2020/05/11 - 09:29:45 | 200 |  476.589148ms |             ::1 | GET      "/api/v1/server/ping?id=efc77c5d-31bd-42bc-8441-59bd0072ac82"
[GIN] 2020/05/11 - 09:29:46 | 200 |   449.51099ms |             ::1 | GET      "/api/v1/server/ping?id=efc77c5d-31bd-42bc-8441-59bd0072ac82"
[GIN] 2020/05/11 - 09:29:48 | 200 |  638.528611ms |             ::1 | GET      "/api/v1/server/ping?id=efc77c5d-31bd-42bc-8441-59bd0072ac82"
[GIN] 2020/05/11 - 09:29:48 | 200 |  294.583373ms |             ::1 | GET      "/api/v1/server/ping?id=efc77c5d-31bd-42bc-8441-59bd0072ac82"
[GIN] 2020/05/11 - 09:29:49 | 200 |   271.49472ms |             ::1 | GET      "/api/v1/server/ping?id=efc77c5d-31bd-42bc-8441-59bd0072ac82"
[GIN] 2020/05/11 - 09:29:51 | 200 |  1.351769533s |             ::1 | GET      "/api/v1/server/ping?id=efc77c5d-31bd-42bc-8441-59bd0072ac82"
[GIN] 2020/05/11 - 09:29:52 | 200 |  258.897196ms |             ::1 | GET      "/api/v1/server/ping?id=efc77c5d-31bd-42bc-8441-59bd0072ac82"
[GIN] 2020/05/11 - 09:29:53 | 200 |  1.420450026s |             ::1 | GET      "/api/v1/server/ping?id=efc77c5d-31bd-42bc-8441-59bd0072ac82"
[GIN] 2020/05/11 - 09:29:53 | 200 |  152.719427ms |             ::1 | GET      "/api/v1/server/ping?id=efc77c5d-31bd-42bc-8441-59bd0072ac82"
[GIN] 2020/05/11 - 09:29:55 | 200 |  1.414604663s |             ::1 | GET      "/api/v1/server/ping?id=efc77c5d-31bd-42bc-8441-59bd0072ac82"
[GIN] 2020/05/11 - 09:29:56 | 200 |   890.63105ms |             ::1 | GET      "/api/v1/server/ping?id=efc77c5d-31bd-42bc-8441-59bd0072ac82"
[GIN] 2020/05/11 - 09:29:57 | 200 |  565.861646ms |             ::1 | GET      "/api/v1/server/ping?id=efc77c5d-31bd-42bc-8441-59bd0072ac82"
[GIN] 2020/05/11 - 09:29:57 | 200 |    311.6424ms |             ::1 | GET      "/api/v1/server/ping?id=efc77c5d-31bd-42bc-8441-59bd0072ac82"
[GIN] 2020/05/11 - 09:29:59 | 200 |  1.603650162s |             ::1 | GET      "/api/v1/server/ping?id=efc77c5d-31bd-42bc-8441-59bd0072ac82"
[GIN] 2020/05/11 - 09:30:00 | 200 |   603.76325ms |             ::1 | GET      "/api/v1/server/ping?id=efc77c5d-31bd-42bc-8441-59bd0072ac82"
[GIN] 2020/05/11 - 09:30:00 | 200 |  163.076693ms |             ::1 | GET      "/api/v1/server/ping?id=efc77c5d-31bd-42bc-8441-59bd0072ac82"
[GIN] 2020/05/11 - 09:30:03 | 200 |  1.628050177s |             ::1 | GET      "/api/v1/server/ping?id=efc77c5d-31bd-42bc-8441-59bd0072ac82"
[GIN] 2020/05/11 - 09:30:03 | 200 |  457.092424ms |             ::1 | GET      "/api/v1/server/ping?id=efc77c5d-31bd-42bc-8441-59bd0072ac82"
[GIN] 2020/05/11 - 09:30:03 | 200 |  461.580229ms |             ::1 | GET      "/api/v1/server/ping?id=efc77c5d-31bd-42bc-8441-59bd0072ac82"
[GIN] 2020/05/11 - 09:30:04 | 200 |   58.531256ms |             ::1 | GET      "/api/v1/server/ping?id=efc77c5d-31bd-42bc-8441-59bd0072ac82"
[GIN] 2020/05/11 - 09:30:05 | 200 |   49.180387ms |             ::1 | GET      "/api/v1/server/ping?id=efc77c5d-31bd-42bc-8441-59bd0072ac82"
[GIN] 2020/05/11 - 09:30:05 | 200 |    42.62818ms |             ::1 | GET      "/api/v1/server/list"
[GIN] 2020/05/11 - 09:30:24 | 200 |  234.375329ms |             ::1 | GET      "/api/v1/user/info"
[GIN] 2020/05/11 - 09:30:25 | 200 |   53.171152ms |             ::1 | GET      "/api/v1/server/detail?id=efc77c5d-31bd-42bc-8441-59bd0072ac82"
[GIN] 2020/05/11 - 09:30:35 | 200 |  585.671812ms |             ::1 | GET      "/api/v1/user/info"
[GIN] 2020/05/11 - 09:30:36 | 200 |  266.285058ms |             ::1 | GET      "/api/v1/server/list"
[GIN] 2020/05/11 - 09:30:38 | 200 |  363.947935ms |             ::1 | GET      "/api/v1/log/download?id=369ca901-3170-4aad-8ed0-2927a464f38a&type=1"
[GIN] 2020/05/11 - 09:32:18 | 200 |  882.107165ms |             ::1 | POST     "/api/v1/server/info"
[GIN] 2020/05/11 - 09:32:26 | 200 |   4.17958183s |             ::1 | POST     "/api/v1/server"
[GIN] 2020/05/11 - 09:32:27 | 200 |  150.060302ms |             ::1 | GET      "/api/v1/server/ping?id=efc77c5d-31bd-42bc-8441-59bd0072ac82"
[GIN] 2020/05/11 - 09:32:28 | 200 |  472.172731ms |             ::1 | GET      "/api/v1/server/ping?id=efc77c5d-31bd-42bc-8441-59bd0072ac82"
[GIN] 2020/05/11 - 09:32:29 | 200 |  182.149771ms |             ::1 | GET      "/api/v1/server/ping?id=efc77c5d-31bd-42bc-8441-59bd0072ac82"
[GIN] 2020/05/11 - 09:32:30 | 200 |   57.539948ms |             ::1 | GET      "/api/v1/server/ping?id=efc77c5d-31bd-42bc-8441-59bd0072ac82"
[GIN] 2020/05/11 - 09:32:32 | 200 |  605.267585ms |             ::1 | GET      "/api/v1/server/ping?id=efc77c5d-31bd-42bc-8441-59bd0072ac82"
[GIN] 2020/05/11 - 09:32:32 | 200 |   61.837358ms |             ::1 | GET      "/api/v1/server/ping?id=efc77c5d-31bd-42bc-8441-59bd0072ac82"
[GIN] 2020/05/11 - 09:32:33 | 200 |   67.122959ms |             ::1 | GET      "/api/v1/server/ping?id=efc77c5d-31bd-42bc-8441-59bd0072ac82"
[GIN] 2020/05/11 - 09:32:34 | 200 |   80.573163ms |             ::1 | GET      "/api/v1/server/ping?id=efc77c5d-31bd-42bc-8441-59bd0072ac82"
[GIN] 2020/05/11 - 09:32:36 | 200 |  752.034494ms |             ::1 | GET      "/api/v1/server/ping?id=efc77c5d-31bd-42bc-8441-59bd0072ac82"
[GIN] 2020/05/11 - 09:32:36 | 200 |   74.729234ms |             ::1 | GET      "/api/v1/server/ping?id=efc77c5d-31bd-42bc-8441-59bd0072ac82"
[GIN] 2020/05/11 - 09:32:38 | 200 |  1.051783964s |             ::1 | GET      "/api/v1/server/ping?id=efc77c5d-31bd-42bc-8441-59bd0072ac82"
[GIN] 2020/05/11 - 09:32:39 | 200 |  631.460643ms |             ::1 | GET      "/api/v1/server/ping?id=efc77c5d-31bd-42bc-8441-59bd0072ac82"
[GIN] 2020/05/11 - 09:32:39 | 200 |   60.797576ms |             ::1 | GET      "/api/v1/server/ping?id=efc77c5d-31bd-42bc-8441-59bd0072ac82"
[GIN] 2020/05/11 - 09:32:41 | 200 |  1.091618003s |             ::1 | GET      "/api/v1/server/ping?id=efc77c5d-31bd-42bc-8441-59bd0072ac82"
[GIN] 2020/05/11 - 09:32:42 | 200 |  515.842519ms |             ::1 | GET      "/api/v1/server/ping?id=efc77c5d-31bd-42bc-8441-59bd0072ac82"
[GIN] 2020/05/11 - 09:32:43 | 200 |  1.289878398s |             ::1 | GET      "/api/v1/server/ping?id=efc77c5d-31bd-42bc-8441-59bd0072ac82"
[GIN] 2020/05/11 - 09:32:44 | 200 |  317.505998ms |             ::1 | GET      "/api/v1/server/ping?id=efc77c5d-31bd-42bc-8441-59bd0072ac82"
[GIN] 2020/05/11 - 09:32:45 | 200 |   556.42499ms |             ::1 | GET      "/api/v1/server/ping?id=efc77c5d-31bd-42bc-8441-59bd0072ac82"
[GIN] 2020/05/11 - 09:32:45 | 200 |   56.870086ms |             ::1 | GET      "/api/v1/server/ping?id=efc77c5d-31bd-42bc-8441-59bd0072ac82"
[GIN] 2020/05/11 - 09:32:46 | 200 |   63.140108ms |             ::1 | GET      "/api/v1/server/ping?id=efc77c5d-31bd-42bc-8441-59bd0072ac82"
[GIN] 2020/05/11 - 09:32:47 | 200 |  158.268344ms |             ::1 | GET      "/api/v1/server/ping?id=efc77c5d-31bd-42bc-8441-59bd0072ac82"
[GIN] 2020/05/11 - 09:32:48 | 200 |   42.928461ms |             ::1 | GET      "/api/v1/server/ping?id=efc77c5d-31bd-42bc-8441-59bd0072ac82"
[GIN] 2020/05/11 - 09:32:49 | 200 |   67.696703ms |             ::1 | GET      "/api/v1/server/ping?id=efc77c5d-31bd-42bc-8441-59bd0072ac82"
[GIN] 2020/05/11 - 09:32:49 | 200 |  130.283353ms |             ::1 | GET      "/api/v1/user/info"
[GIN] 2020/05/11 - 09:32:51 | 200 |  804.679107ms |             ::1 | GET      "/api/v1/server/detail?id=efc77c5d-31bd-42bc-8441-59bd0072ac82"
[GIN] 2020/05/11 - 09:32:51 | 200 |  1.397899785s |             ::1 | GET      "/api/v1/server/ping?id=efc77c5d-31bd-42bc-8441-59bd0072ac82"
[GIN] 2020/05/11 - 09:32:52 | 200 |  672.880738ms |             ::1 | GET      "/api/v1/server/ping?id=efc77c5d-31bd-42bc-8441-59bd0072ac82"
[GIN] 2020/05/11 - 09:32:53 | 200 |  434.442771ms |             ::1 | GET      "/api/v1/server/ping?id=efc77c5d-31bd-42bc-8441-59bd0072ac82"
[GIN] 2020/05/11 - 09:32:53 | 200 |   47.561861ms |             ::1 | GET      "/api/v1/server/ping?id=efc77c5d-31bd-42bc-8441-59bd0072ac82"
[GIN] 2020/05/11 - 09:32:54 | 200 |   66.906489ms |             ::1 | GET      "/api/v1/server/ping?id=efc77c5d-31bd-42bc-8441-59bd0072ac82"
[GIN] 2020/05/11 - 09:32:54 | 200 |   73.371881ms |             ::1 | GET      "/api/v1/server/list"
[GIN] 2020/05/11 - 09:32:59 | 200 |  656.776797ms |             ::1 | GET      "/api/v1/user/info"
[GIN] 2020/05/11 - 09:33:00 | 200 |  232.190041ms |             ::1 | GET      "/api/v1/server/list"
[GIN] 2020/05/11 - 09:33:03 | 200 |  1.535323624s |             ::1 | GET      "/api/v1/user/info"
[GIN] 2020/05/11 - 09:33:06 | 200 |  1.249296324s |             ::1 | GET      "/api/v1/server/detail?id=efc77c5d-31bd-42bc-8441-59bd0072ac82"
[GIN] 2020/05/11 - 09:33:30 | 200 |   96.547125ms |             ::1 | GET      "/api/v1/user/info"
[GIN] 2020/05/11 - 09:33:31 | 200 |   59.834277ms |             ::1 | GET      "/api/v1/server/list"
[GIN] 2020/05/11 - 09:33:39 | 200 |  200.200762ms |             ::1 | GET      "/api/v1/user/info"
[GIN] 2020/05/11 - 09:33:40 | 200 |   75.095602ms |             ::1 | GET      "/api/v1/config/list"
[GIN] 2020/05/11 - 09:34:03 | 200 |   51.351804ms |             ::1 | POST     "/api/v1/config"
[GIN] 2020/05/11 - 09:34:07 | 200 |  426.828019ms |             ::1 | GET      "/api/v1/user/info"
[GIN] 2020/05/11 - 09:34:08 | 200 |  555.362581ms |             ::1 | GET      "/api/v1/server/list"
[GIN] 2020/05/11 - 09:34:19 | 200 |  481.616683ms |             ::1 | POST     "/api/v1/server/info"
[GIN] 2020/05/11 - 09:34:25 | 200 |  2.629421935s |             ::1 | POST     "/api/v1/server"
[GIN] 2020/05/11 - 09:34:26 | 200 |  274.738719ms |             ::1 | GET      "/api/v1/server/ping?id=efc77c5d-31bd-42bc-8441-59bd0072ac82"
[GIN] 2020/05/11 - 09:34:27 | 200 |  158.267276ms |             ::1 | GET      "/api/v1/server/ping?id=efc77c5d-31bd-42bc-8441-59bd0072ac82"
[GIN] 2020/05/11 - 09:34:28 | 200 |  538.685902ms |             ::1 | POST     "/api/v1/server/info"
[GIN] 2020/05/11 - 09:34:28 | 200 |  473.266252ms |             ::1 | GET      "/api/v1/server/ping?id=efc77c5d-31bd-42bc-8441-59bd0072ac82"
[GIN] 2020/05/11 - 09:34:29 | 200 |   57.155427ms |             ::1 | GET      "/api/v1/server/ping?id=efc77c5d-31bd-42bc-8441-59bd0072ac82"
[GIN] 2020/05/11 - 09:34:30 | 200 |   52.572794ms |             ::1 | GET      "/api/v1/server/ping?id=efc77c5d-31bd-42bc-8441-59bd0072ac82"
[GIN] 2020/05/11 - 09:34:31 | 200 |  162.664125ms |             ::1 | GET      "/api/v1/server/ping?id=efc77c5d-31bd-42bc-8441-59bd0072ac82"
[GIN] 2020/05/11 - 09:34:32 | 200 |  274.190169ms |             ::1 | GET      "/api/v1/server/ping?id=efc77c5d-31bd-42bc-8441-59bd0072ac82"
[GIN] 2020/05/11 - 09:34:33 | 200 |   53.535826ms |             ::1 | GET      "/api/v1/server/ping?id=efc77c5d-31bd-42bc-8441-59bd0072ac82"
[GIN] 2020/05/11 - 09:34:34 | 200 |   54.817539ms |             ::1 | GET      "/api/v1/server/ping?id=efc77c5d-31bd-42bc-8441-59bd0072ac82"
[GIN] 2020/05/11 - 09:34:34 | 200 |  106.430551ms |             ::1 | GET      "/api/v1/user/info"
[GIN] 2020/05/11 - 09:34:35 | 200 |  209.438819ms |             ::1 | GET      "/api/v1/server/ping?id=efc77c5d-31bd-42bc-8441-59bd0072ac82"
[GIN] 2020/05/11 - 09:34:35 | 200 |   303.67989ms |             ::1 | GET      "/api/v1/server/detail?id=efc77c5d-31bd-42bc-8441-59bd0072ac82"
[GIN] 2020/05/11 - 09:34:36 | 200 |   76.919711ms |             ::1 | GET      "/api/v1/server/ping?id=efc77c5d-31bd-42bc-8441-59bd0072ac82"
[GIN] 2020/05/11 - 09:34:37 | 200 |  123.021728ms |             ::1 | GET      "/api/v1/server/ping?id=efc77c5d-31bd-42bc-8441-59bd0072ac82"
[GIN] 2020/05/11 - 09:34:38 | 200 |   57.065261ms |             ::1 | GET      "/api/v1/server/ping?id=efc77c5d-31bd-42bc-8441-59bd0072ac82"
[GIN] 2020/05/11 - 09:34:39 | 200 |  179.588348ms |             ::1 | GET      "/api/v1/server/ping?id=efc77c5d-31bd-42bc-8441-59bd0072ac82"
[GIN] 2020/05/11 - 09:34:40 | 200 |  324.991562ms |             ::1 | GET      "/api/v1/server/ping?id=efc77c5d-31bd-42bc-8441-59bd0072ac82"
[GIN] 2020/05/11 - 09:34:41 | 200 |   49.445392ms |             ::1 | GET      "/api/v1/server/ping?id=efc77c5d-31bd-42bc-8441-59bd0072ac82"
[GIN] 2020/05/11 - 09:34:42 | 200 |   59.580975ms |             ::1 | GET      "/api/v1/server/ping?id=efc77c5d-31bd-42bc-8441-59bd0072ac82"
[GIN] 2020/05/11 - 09:34:43 | 200 |   47.436858ms |             ::1 | GET      "/api/v1/server/ping?id=efc77c5d-31bd-42bc-8441-59bd0072ac82"
[GIN] 2020/05/11 - 09:34:44 | 200 |  511.822334ms |             ::1 | GET      "/api/v1/user/info"
[GIN] 2020/05/11 - 09:34:44 | 200 |  337.897067ms |             ::1 | GET      "/api/v1/server/ping?id=efc77c5d-31bd-42bc-8441-59bd0072ac82"
[GIN] 2020/05/11 - 09:34:45 | 200 |   57.154315ms |             ::1 | GET      "/api/v1/server/list"
[GIN] 2020/05/11 - 09:34:45 | 200 |   53.642391ms |             ::1 | GET      "/api/v1/server/ping?id=efc77c5d-31bd-42bc-8441-59bd0072ac82"
[GIN] 2020/05/11 - 09:34:46 | 200 |   55.231239ms |             ::1 | GET      "/api/v1/server/ping?id=efc77c5d-31bd-42bc-8441-59bd0072ac82"
[GIN] 2020/05/11 - 09:34:47 | 200 |   54.690478ms |             ::1 | GET      "/api/v1/server/ping?id=efc77c5d-31bd-42bc-8441-59bd0072ac82"
[GIN] 2020/05/11 - 09:34:48 | 200 |  194.843759ms |             ::1 | GET      "/api/v1/server/ping?id=efc77c5d-31bd-42bc-8441-59bd0072ac82"
[GIN] 2020/05/11 - 09:34:49 | 200 |  332.748992ms |             ::1 | POST     "/api/v1/server"
[GIN] 2020/05/11 - 09:34:49 | 200 |  128.344442ms |             ::1 | GET      "/api/v1/server/ping?id=efc77c5d-31bd-42bc-8441-59bd0072ac82"
[GIN] 2020/05/11 - 09:34:50 | 200 |   51.904105ms |             ::1 | GET      "/api/v1/server/ping?id=efc77c5d-31bd-42bc-8441-59bd0072ac82"
[GIN] 2020/05/11 - 09:34:50 | 200 |   48.491883ms |             ::1 | GET      "/api/v1/server/ping?id=efc77c5d-31bd-42bc-8441-59bd0072ac82"
[GIN] 2020/05/11 - 09:34:51 | 200 |   87.375181ms |             ::1 | GET      "/api/v1/server/ping?id=efc77c5d-31bd-42bc-8441-59bd0072ac82"
[GIN] 2020/05/11 - 09:34:51 | 200 |  321.696246ms |             ::1 | GET      "/api/v1/server/ping?id=efc77c5d-31bd-42bc-8441-59bd0072ac82"
[GIN] 2020/05/11 - 09:34:52 | 200 |  317.520785ms |             ::1 | GET      "/api/v1/server/ping?id=efc77c5d-31bd-42bc-8441-59bd0072ac82"
[GIN] 2020/05/11 - 09:34:52 | 200 |   53.854825ms |             ::1 | GET      "/api/v1/server/ping?id=efc77c5d-31bd-42bc-8441-59bd0072ac82"
[GIN] 2020/05/11 - 09:34:53 | 200 |   54.215718ms |             ::1 | GET      "/api/v1/server/ping?id=efc77c5d-31bd-42bc-8441-59bd0072ac82"
[GIN] 2020/05/11 - 09:34:53 | 200 |   55.396422ms |             ::1 | GET      "/api/v1/server/ping?id=efc77c5d-31bd-42bc-8441-59bd0072ac82"
[GIN] 2020/05/11 - 09:34:54 | 200 |   55.739485ms |             ::1 | GET      "/api/v1/server/ping?id=efc77c5d-31bd-42bc-8441-59bd0072ac82"
[GIN] 2020/05/11 - 09:34:54 | 200 |  193.796898ms |             ::1 | GET      "/api/v1/server/ping?id=efc77c5d-31bd-42bc-8441-59bd0072ac82"
[GIN] 2020/05/11 - 09:34:55 | 200 |  456.779635ms |             ::1 | GET      "/api/v1/server/ping?id=efc77c5d-31bd-42bc-8441-59bd0072ac82"
[GIN] 2020/05/11 - 09:34:55 | 200 |   53.573683ms |             ::1 | GET      "/api/v1/server/ping?id=efc77c5d-31bd-42bc-8441-59bd0072ac82"
[GIN] 2020/05/11 - 09:34:56 | 200 |   51.841063ms |             ::1 | GET      "/api/v1/server/ping?id=efc77c5d-31bd-42bc-8441-59bd0072ac82"
[GIN] 2020/05/11 - 09:34:56 | 200 |   46.694969ms |             ::1 | GET      "/api/v1/server/ping?id=efc77c5d-31bd-42bc-8441-59bd0072ac82"
[GIN] 2020/05/11 - 09:34:57 | 200 |   52.855902ms |             ::1 | GET      "/api/v1/server/ping?id=efc77c5d-31bd-42bc-8441-59bd0072ac82"
[GIN] 2020/05/11 - 09:34:57 | 200 |    45.06569ms |             ::1 | GET      "/api/v1/server/ping?id=efc77c5d-31bd-42bc-8441-59bd0072ac82"
[GIN] 2020/05/11 - 09:34:58 | 200 |   72.186128ms |             ::1 | GET      "/api/v1/server/ping?id=efc77c5d-31bd-42bc-8441-59bd0072ac82"
[GIN] 2020/05/11 - 09:34:58 | 200 |  308.035911ms |             ::1 | GET      "/api/v1/server/ping?id=efc77c5d-31bd-42bc-8441-59bd0072ac82"
[GIN] 2020/05/11 - 09:34:59 | 200 |  328.611069ms |             ::1 | GET      "/api/v1/server/ping?id=efc77c5d-31bd-42bc-8441-59bd0072ac82"
[GIN] 2020/05/11 - 09:34:59 | 200 |   54.099858ms |             ::1 | GET      "/api/v1/server/ping?id=efc77c5d-31bd-42bc-8441-59bd0072ac82"
[GIN] 2020/05/11 - 09:35:00 | 200 |   74.960231ms |             ::1 | GET      "/api/v1/server/ping?id=efc77c5d-31bd-42bc-8441-59bd0072ac82"
[GIN] 2020/05/11 - 09:35:01 | 200 |  925.044208ms |             ::1 | GET      "/api/v1/server/ping?id=efc77c5d-31bd-42bc-8441-59bd0072ac82"
[GIN] 2020/05/11 - 09:35:01 | 200 |   53.720298ms |             ::1 | GET      "/api/v1/server/ping?id=efc77c5d-31bd-42bc-8441-59bd0072ac82"
[GIN] 2020/05/11 - 09:35:01 | 200 |  491.928564ms |             ::1 | GET      "/api/v1/server/ping?id=efc77c5d-31bd-42bc-8441-59bd0072ac82"
[GIN] 2020/05/11 - 09:35:02 | 200 |  190.032584ms |             ::1 | GET      "/api/v1/server/ping?id=efc77c5d-31bd-42bc-8441-59bd0072ac82"
[GIN] 2020/05/11 - 09:35:02 | 200 |   53.519489ms |             ::1 | GET      "/api/v1/server/ping?id=efc77c5d-31bd-42bc-8441-59bd0072ac82"
[GIN] 2020/05/11 - 09:35:03 | 200 |   48.548473ms |             ::1 | GET      "/api/v1/server/ping?id=efc77c5d-31bd-42bc-8441-59bd0072ac82"
[GIN] 2020/05/11 - 09:35:03 | 200 |    56.03377ms |             ::1 | GET      "/api/v1/server/ping?id=efc77c5d-31bd-42bc-8441-59bd0072ac82"
[GIN] 2020/05/11 - 09:35:04 | 200 |  190.752145ms |             ::1 | GET      "/api/v1/server/ping?id=efc77c5d-31bd-42bc-8441-59bd0072ac82"
[GIN] 2020/05/11 - 09:35:04 | 200 |   361.81915ms |             ::1 | GET      "/api/v1/server/ping?id=efc77c5d-31bd-42bc-8441-59bd0072ac82"
[GIN] 2020/05/11 - 09:35:05 | 200 |  159.239957ms |             ::1 | GET      "/api/v1/server/ping?id=efc77c5d-31bd-42bc-8441-59bd0072ac82"
[GIN] 2020/05/11 - 09:35:05 | 200 |   59.038538ms |             ::1 | GET      "/api/v1/server/ping?id=efc77c5d-31bd-42bc-8441-59bd0072ac82"
[GIN] 2020/05/11 - 09:35:06 | 200 |   55.480347ms |             ::1 | GET      "/api/v1/server/ping?id=efc77c5d-31bd-42bc-8441-59bd0072ac82"
[GIN] 2020/05/11 - 09:35:06 | 200 |   53.711494ms |             ::1 | GET      "/api/v1/server/ping?id=efc77c5d-31bd-42bc-8441-59bd0072ac82"
[GIN] 2020/05/11 - 09:35:07 | 200 |   68.901846ms |             ::1 | GET      "/api/v1/server/ping?id=efc77c5d-31bd-42bc-8441-59bd0072ac82"
[GIN] 2020/05/11 - 09:35:07 | 200 |  219.554818ms |             ::1 | GET      "/api/v1/server/ping?id=efc77c5d-31bd-42bc-8441-59bd0072ac82"
[GIN] 2020/05/11 - 09:35:08 | 200 |  410.207741ms |             ::1 | GET      "/api/v1/server/ping?id=efc77c5d-31bd-42bc-8441-59bd0072ac82"
[GIN] 2020/05/11 - 09:35:08 | 200 |   53.978322ms |             ::1 | GET      "/api/v1/server/ping?id=efc77c5d-31bd-42bc-8441-59bd0072ac82"
[GIN] 2020/05/11 - 09:35:09 | 200 |    48.25899ms |             ::1 | GET      "/api/v1/server/ping?id=efc77c5d-31bd-42bc-8441-59bd0072ac82"
[GIN] 2020/05/11 - 09:35:09 | 200 |   55.258682ms |             ::1 | GET      "/api/v1/server/ping?id=efc77c5d-31bd-42bc-8441-59bd0072ac82"
[GIN] 2020/05/11 - 09:35:10 | 200 |  192.505091ms |             ::1 | GET      "/api/v1/server/ping?id=efc77c5d-31bd-42bc-8441-59bd0072ac82"
[GIN] 2020/05/11 - 09:35:10 | 200 |  428.163225ms |             ::1 | GET      "/api/v1/server/ping?id=efc77c5d-31bd-42bc-8441-59bd0072ac82"
[GIN] 2020/05/11 - 09:35:11 | 200 |   49.903915ms |             ::1 | GET      "/api/v1/server/ping?id=efc77c5d-31bd-42bc-8441-59bd0072ac82"
[GIN] 2020/05/11 - 09:35:11 | 200 |   46.334537ms |             ::1 | GET      "/api/v1/server/ping?id=efc77c5d-31bd-42bc-8441-59bd0072ac82"
[GIN] 2020/05/11 - 09:35:12 | 200 |   60.575056ms |             ::1 | GET      "/api/v1/server/ping?id=efc77c5d-31bd-42bc-8441-59bd0072ac82"
[GIN] 2020/05/11 - 09:35:12 | 200 |  189.156138ms |             ::1 | GET      "/api/v1/server/ping?id=efc77c5d-31bd-42bc-8441-59bd0072ac82"
[GIN] 2020/05/11 - 09:35:13 | 200 |  151.193555ms |             ::1 | GET      "/api/v1/server/ping?id=efc77c5d-31bd-42bc-8441-59bd0072ac82"
[GIN] 2020/05/11 - 09:35:13 | 200 |  208.529281ms |             ::1 | GET      "/api/v1/server/ping?id=efc77c5d-31bd-42bc-8441-59bd0072ac82"
[GIN] 2020/05/11 - 09:35:14 | 200 |  394.334782ms |             ::1 | GET      "/api/v1/server/ping?id=efc77c5d-31bd-42bc-8441-59bd0072ac82"
[GIN] 2020/05/11 - 09:35:14 | 200 |   42.947854ms |             ::1 | GET      "/api/v1/server/ping?id=efc77c5d-31bd-42bc-8441-59bd0072ac82"
[GIN] 2020/05/11 - 09:35:15 | 200 |  202.828126ms |             ::1 | GET      "/api/v1/server/ping?id=efc77c5d-31bd-42bc-8441-59bd0072ac82"
[GIN] 2020/05/11 - 09:35:15 | 200 |  406.079281ms |             ::1 | GET      "/api/v1/server/ping?id=efc77c5d-31bd-42bc-8441-59bd0072ac82"
[GIN] 2020/05/11 - 09:35:16 | 200 |   44.337871ms |             ::1 | GET      "/api/v1/server/ping?id=efc77c5d-31bd-42bc-8441-59bd0072ac82"
[GIN] 2020/05/11 - 09:35:16 | 200 |   51.302635ms |             ::1 | GET      "/api/v1/server/ping?id=efc77c5d-31bd-42bc-8441-59bd0072ac82"
[GIN] 2020/05/11 - 09:35:16 | 200 |   55.279797ms |             ::1 | POST     "/api/v1/server"
[GIN] 2020/05/11 - 09:35:17 | 200 |   62.247034ms |             ::1 | GET      "/api/v1/server/ping?id=efc77c5d-31bd-42bc-8441-59bd0072ac82"
[GIN] 2020/05/11 - 09:35:17 | 200 |   67.790291ms |             ::1 | GET      "/api/v1/server/ping?id=efc77c5d-31bd-42bc-8441-59bd0072ac82"
[GIN] 2020/05/11 - 09:35:18 | 200 |  425.878416ms |             ::1 | GET      "/api/v1/server/ping?id=efc77c5d-31bd-42bc-8441-59bd0072ac82"
[GIN] 2020/05/11 - 09:35:18 | 200 |  182.470531ms |             ::1 | GET      "/api/v1/server/ping?id=efc77c5d-31bd-42bc-8441-59bd0072ac82"
[GIN] 2020/05/11 - 09:35:18 | 200 |  185.995777ms |             ::1 | GET      "/api/v1/server/ping?id=efc77c5d-31bd-42bc-8441-59bd0072ac82"
[GIN] 2020/05/11 - 09:35:19 | 200 |  416.543643ms |             ::1 | GET      "/api/v1/server/ping?id=efc77c5d-31bd-42bc-8441-59bd0072ac82"
[GIN] 2020/05/11 - 09:35:19 | 200 |   64.030365ms |             ::1 | GET      "/api/v1/server/ping?id=efc77c5d-31bd-42bc-8441-59bd0072ac82"
[GIN] 2020/05/11 - 09:35:19 | 200 |   59.206391ms |             ::1 | GET      "/api/v1/server/ping?id=efc77c5d-31bd-42bc-8441-59bd0072ac82"
[GIN] 2020/05/11 - 09:35:19 | 200 |   52.184233ms |             ::1 | GET      "/api/v1/server/ping?id=efc77c5d-31bd-42bc-8441-59bd0072ac82"
[GIN] 2020/05/11 - 09:35:20 | 200 |   53.366209ms |             ::1 | GET      "/api/v1/server/ping?id=efc77c5d-31bd-42bc-8441-59bd0072ac82"
[GIN] 2020/05/11 - 09:35:20 | 200 |   59.311216ms |             ::1 | GET      "/api/v1/server/ping?id=efc77c5d-31bd-42bc-8441-59bd0072ac82"
[GIN] 2020/05/11 - 09:35:20 | 200 |   57.419249ms |             ::1 | GET      "/api/v1/server/ping?id=efc77c5d-31bd-42bc-8441-59bd0072ac82"
[GIN] 2020/05/11 - 09:35:21 | 200 |   52.359272ms |             ::1 | GET      "/api/v1/server/ping?id=efc77c5d-31bd-42bc-8441-59bd0072ac82"
[GIN] 2020/05/11 - 09:35:21 | 200 |   50.450607ms |             ::1 | GET      "/api/v1/server/ping?id=efc77c5d-31bd-42bc-8441-59bd0072ac82"
[GIN] 2020/05/11 - 09:35:21 | 200 |   57.159064ms |             ::1 | GET      "/api/v1/server/ping?id=efc77c5d-31bd-42bc-8441-59bd0072ac82"
[GIN] 2020/05/11 - 09:35:22 | 200 |   100.03284ms |             ::1 | GET      "/api/v1/server/ping?id=efc77c5d-31bd-42bc-8441-59bd0072ac82"
[GIN] 2020/05/11 - 09:35:22 | 200 |   51.304423ms |             ::1 | GET      "/api/v1/server/ping?id=efc77c5d-31bd-42bc-8441-59bd0072ac82"
[GIN] 2020/05/11 - 09:35:22 | 200 |   58.352828ms |             ::1 | GET      "/api/v1/server/ping?id=efc77c5d-31bd-42bc-8441-59bd0072ac82"
[GIN] 2020/05/11 - 09:35:23 | 200 |   55.679203ms |             ::1 | GET      "/api/v1/server/ping?id=efc77c5d-31bd-42bc-8441-59bd0072ac82"
[GIN] 2020/05/11 - 09:35:24 | 200 |  946.494366ms |             ::1 | GET      "/api/v1/server/ping?id=efc77c5d-31bd-42bc-8441-59bd0072ac82"
[GIN] 2020/05/11 - 09:35:24 | 200 |   50.599247ms |             ::1 | GET      "/api/v1/server/ping?id=efc77c5d-31bd-42bc-8441-59bd0072ac82"
[GIN] 2020/05/11 - 09:35:24 | 200 |   53.756891ms |             ::1 | GET      "/api/v1/server/ping?id=efc77c5d-31bd-42bc-8441-59bd0072ac82"
[GIN] 2020/05/11 - 09:35:24 | 200 |    75.50428ms |             ::1 | GET      "/api/v1/server/ping?id=efc77c5d-31bd-42bc-8441-59bd0072ac82"
[GIN] 2020/05/11 - 09:35:24 | 200 |   70.899096ms |             ::1 | GET      "/api/v1/server/ping?id=efc77c5d-31bd-42bc-8441-59bd0072ac82"
[GIN] 2020/05/11 - 09:35:25 | 200 |   48.155508ms |             ::1 | GET      "/api/v1/server/ping?id=efc77c5d-31bd-42bc-8441-59bd0072ac82"
[GIN] 2020/05/11 - 09:35:25 | 200 |   54.501181ms |             ::1 | GET      "/api/v1/server/ping?id=efc77c5d-31bd-42bc-8441-59bd0072ac82"
[GIN] 2020/05/11 - 09:35:25 | 200 |   50.812246ms |             ::1 | GET      "/api/v1/server/ping?id=efc77c5d-31bd-42bc-8441-59bd0072ac82"
[GIN] 2020/05/11 - 09:35:26 | 200 |   69.793082ms |             ::1 | GET      "/api/v1/server/ping?id=efc77c5d-31bd-42bc-8441-59bd0072ac82"
[GIN] 2020/05/11 - 09:35:26 | 200 |  120.794575ms |             ::1 | GET      "/api/v1/server/ping?id=efc77c5d-31bd-42bc-8441-59bd0072ac82"
[GIN] 2020/05/11 - 09:35:26 | 200 |  150.815654ms |             ::1 | GET      "/api/v1/server/ping?id=efc77c5d-31bd-42bc-8441-59bd0072ac82"
[GIN] 2020/05/11 - 09:35:27 | 200 |   80.951496ms |             ::1 | GET      "/api/v1/server/ping?id=efc77c5d-31bd-42bc-8441-59bd0072ac82"
[GIN] 2020/05/11 - 09:35:27 | 200 |   58.727919ms |             ::1 | GET      "/api/v1/server/ping?id=efc77c5d-31bd-42bc-8441-59bd0072ac82"
[GIN] 2020/05/11 - 09:35:27 | 200 |   51.259801ms |             ::1 | GET      "/api/v1/server/ping?id=efc77c5d-31bd-42bc-8441-59bd0072ac82"
[GIN] 2020/05/11 - 09:35:28 | 304 |    7.180734ms |             ::1 | GET      "/"
[GIN] 2020/05/11 - 09:35:28 | 200 |  109.823355ms |             ::1 | GET      "/api/v1/server/ping?id=efc77c5d-31bd-42bc-8441-59bd0072ac82"
[GIN] 2020/05/11 - 09:35:28 | 304 |    1.462093ms |             ::1 | GET      "/static/css/chunk-elementUI.ded27da0.css"
[GIN] 2020/05/11 - 09:35:28 | 304 |   84.999793ms |             ::1 | GET      "/static/css/app.2107c99d.css"
[GIN] 2020/05/11 - 09:35:28 | 304 |   85.460591ms |             ::1 | GET      "/static/css/chunk-libs.3dfb7769.css"
[GIN] 2020/05/11 - 09:35:28 | 304 |     942.158µs |             ::1 | GET      "/static/js/chunk-libs.eee2dcd9.js"
[GIN] 2020/05/11 - 09:35:28 | 304 |    1.882145ms |             ::1 | GET      "/static/js/chunk-elementUI.2343f68b.js"
[GIN] 2020/05/11 - 09:35:28 | 304 |     522.401µs |             ::1 | GET      "/static/js/app.332cd29d.js"
[GIN] 2020/05/11 - 09:35:29 | 200 |  368.866083ms |             ::1 | GET      "/api/v1/user/info"
[GIN] 2020/05/11 - 09:35:29 | 304 |      927.49µs |             ::1 | GET      "/static/js/chunk-26b79b28.725781cd.js"
[GIN] 2020/05/11 - 09:35:29 | 304 |     490.673µs |             ::1 | GET      "/static/css/chunk-26b79b28.5c8e99ce.css"
[GIN] 2020/05/11 - 09:35:29 | 304 |   17.567576ms |             ::1 | GET      "/static/fonts/element-icons.535877f5.woff"
[GIN] 2020/05/11 - 09:35:29 | 200 |    43.35103ms |             ::1 | GET      "/api/v1/server/list"
[GIN] 2020/05/11 - 09:35:30 | 200 |      398.01µs |             ::1 | GET      "/favicon.ico"
[GIN] 2020/05/11 - 09:35:32 | 200 |  132.780928ms |             ::1 | GET      "/api/v1/user/info"
[GIN] 2020/05/11 - 09:35:32 | 304 |     660.254µs |             ::1 | GET      "/static/css/chunk-5f709bde.aea91c1b.css"
[GIN] 2020/05/11 - 09:35:32 | 304 |     666.692µs |             ::1 | GET      "/static/js/chunk-5f709bde.0443bedf.js"
[GIN] 2020/05/11 - 09:35:33 | 200 |   65.979293ms |             ::1 | GET      "/api/v1/server/detail?id=efc77c5d-31bd-42bc-8441-59bd0072ac82"
[GIN] 2020/05/11 - 09:35:41 | 200 |   93.620765ms |             ::1 | GET      "/api/v1/user/info"
[GIN] 2020/05/11 - 09:35:41 | 304 |     686.327µs |             ::1 | GET      "/static/css/chunk-2aaab5fe.23a2ad51.css"
[GIN] 2020/05/11 - 09:35:41 | 304 |     796.358µs |             ::1 | GET      "/static/js/chunk-2aaab5fe.eb88fefe.js"
[GIN] 2020/05/11 - 09:35:42 | 200 |   54.447976ms |             ::1 | GET      "/api/v1/config/list"
[GIN] 2020/05/11 - 09:36:02 | 200 |   52.100369ms |             ::1 | POST     "/api/v1/config"
[GIN] 2020/05/11 - 09:36:04 | 200 |  199.484627ms |             ::1 | GET      "/api/v1/user/info"
[GIN] 2020/05/11 - 09:36:05 | 200 |   48.530881ms |             ::1 | GET      "/api/v1/server/list"
[GIN] 2020/05/11 - 09:36:10 | 200 |   68.713337ms |             ::1 | POST     "/api/v1/server"
[GIN] 2020/05/11 - 09:36:11 | 200 |   70.951709ms |             ::1 | GET      "/api/v1/server/ping?id=369ca901-3170-4aad-8ed0-2927a464f38a"
[GIN] 2020/05/11 - 09:36:13 | 200 |  911.883513ms |             ::1 | GET      "/api/v1/server/ping?id=369ca901-3170-4aad-8ed0-2927a464f38a"
[GIN] 2020/05/11 - 09:36:14 | 200 |  420.503209ms |             ::1 | GET      "/api/v1/server/ping?id=369ca901-3170-4aad-8ed0-2927a464f38a"
[GIN] 2020/05/11 - 09:36:14 | 200 |  100.195313ms |             ::1 | GET      "/api/v1/server/ping?id=369ca901-3170-4aad-8ed0-2927a464f38a"
[GIN] 2020/05/11 - 09:36:15 | 200 |    48.27941ms |             ::1 | GET      "/api/v1/server/ping?id=369ca901-3170-4aad-8ed0-2927a464f38a"
[GIN] 2020/05/11 - 09:36:16 | 200 |   64.330329ms |             ::1 | GET      "/api/v1/server/ping?id=369ca901-3170-4aad-8ed0-2927a464f38a"
[GIN] 2020/05/11 - 09:36:17 | 200 |   66.127149ms |             ::1 | GET      "/api/v1/server/ping?id=369ca901-3170-4aad-8ed0-2927a464f38a"
[GIN] 2020/05/11 - 09:36:18 | 200 |  126.273686ms |             ::1 | GET      "/api/v1/user/info"
[GIN] 2020/05/11 - 09:36:18 | 200 |      56.503ms |             ::1 | GET      "/api/v1/server/detail?id=369ca901-3170-4aad-8ed0-2927a464f38a"
[GIN] 2020/05/11 - 09:36:18 | 200 |    66.55131ms |             ::1 | GET      "/api/v1/server/ping?id=369ca901-3170-4aad-8ed0-2927a464f38a"
[GIN] 2020/05/11 - 09:36:20 | 200 |  269.175009ms |             ::1 | GET      "/api/v1/server/ping?id=369ca901-3170-4aad-8ed0-2927a464f38a"
[GIN] 2020/05/11 - 09:36:21 | 200 |  261.433352ms |             ::1 | GET      "/api/v1/server/ping?id=369ca901-3170-4aad-8ed0-2927a464f38a"
[GIN] 2020/05/11 - 09:36:21 | 200 |  155.109223ms |             ::1 | GET      "/api/v1/server/ping?id=369ca901-3170-4aad-8ed0-2927a464f38a"
[GIN] 2020/05/11 - 09:36:22 | 200 |  166.531583ms |             ::1 | GET      "/api/v1/server/ping?id=369ca901-3170-4aad-8ed0-2927a464f38a"
[GIN] 2020/05/11 - 09:36:24 | 200 |  435.444875ms |             ::1 | GET      "/api/v1/server/ping?id=369ca901-3170-4aad-8ed0-2927a464f38a"
[GIN] 2020/05/11 - 09:36:25 | 200 |  293.128049ms |             ::1 | GET      "/api/v1/server/ping?id=369ca901-3170-4aad-8ed0-2927a464f38a"
[GIN] 2020/05/11 - 09:36:25 | 200 |   51.461476ms |             ::1 | GET      "/api/v1/server/ping?id=369ca901-3170-4aad-8ed0-2927a464f38a"
[GIN] 2020/05/11 - 09:36:26 | 200 |   42.117858ms |             ::1 | GET      "/api/v1/server/ping?id=369ca901-3170-4aad-8ed0-2927a464f38a"
[GIN] 2020/05/11 - 09:36:27 | 200 |   66.926854ms |             ::1 | GET      "/api/v1/server/ping?id=369ca901-3170-4aad-8ed0-2927a464f38a"
[GIN] 2020/05/11 - 09:36:28 | 200 |   44.343861ms |             ::1 | GET      "/api/v1/server/ping?id=369ca901-3170-4aad-8ed0-2927a464f38a"
[GIN] 2020/05/11 - 09:36:29 | 200 |   71.226912ms |             ::1 | GET      "/api/v1/server/ping?id=369ca901-3170-4aad-8ed0-2927a464f38a"
[GIN] 2020/05/11 - 09:36:30 | 200 |   66.929739ms |             ::1 | GET      "/api/v1/server/ping?id=369ca901-3170-4aad-8ed0-2927a464f38a"
[GIN] 2020/05/11 - 09:36:31 | 200 |     48.2897ms |             ::1 | GET      "/api/v1/server/ping?id=369ca901-3170-4aad-8ed0-2927a464f38a"
[GIN] 2020/05/11 - 09:36:32 | 200 |   97.703061ms |             ::1 | GET      "/api/v1/server/ping?id=369ca901-3170-4aad-8ed0-2927a464f38a"
[GIN] 2020/05/11 - 09:36:33 | 200 |   53.995988ms |             ::1 | GET      "/api/v1/server/ping?id=369ca901-3170-4aad-8ed0-2927a464f38a"
[GIN] 2020/05/11 - 09:36:34 | 200 |   68.647394ms |             ::1 | GET      "/api/v1/server/ping?id=369ca901-3170-4aad-8ed0-2927a464f38a"
[GIN] 2020/05/11 - 09:36:35 | 200 |   60.760627ms |             ::1 | GET      "/api/v1/server/ping?id=369ca901-3170-4aad-8ed0-2927a464f38a"
[GIN] 2020/05/11 - 09:36:36 | 200 |   49.970709ms |             ::1 | GET      "/api/v1/server/ping?id=369ca901-3170-4aad-8ed0-2927a464f38a"
[GIN] 2020/05/11 - 09:36:37 | 200 |   57.940003ms |             ::1 | GET      "/api/v1/server/ping?id=369ca901-3170-4aad-8ed0-2927a464f38a"
[GIN] 2020/05/11 - 09:36:38 | 200 |   69.358005ms |             ::1 | GET      "/api/v1/server/ping?id=369ca901-3170-4aad-8ed0-2927a464f38a"
[GIN] 2020/05/11 - 09:36:39 | 200 |   48.306927ms |             ::1 | GET      "/api/v1/server/ping?id=369ca901-3170-4aad-8ed0-2927a464f38a"
[GIN] 2020/05/11 - 09:36:41 | 200 |  209.782344ms |             ::1 | GET      "/api/v1/server/ping?id=369ca901-3170-4aad-8ed0-2927a464f38a"
[GIN] 2020/05/11 - 09:36:41 | 200 |  185.130553ms |             ::1 | GET      "/api/v1/server/ping?id=369ca901-3170-4aad-8ed0-2927a464f38a"
[GIN] 2020/05/11 - 09:36:42 | 200 |   45.582131ms |             ::1 | GET      "/api/v1/server/ping?id=369ca901-3170-4aad-8ed0-2927a464f38a"
[GIN] 2020/05/11 - 09:36:44 | 200 |  416.161503ms |             ::1 | GET      "/api/v1/server/ping?id=369ca901-3170-4aad-8ed0-2927a464f38a"
[GIN] 2020/05/11 - 09:36:45 | 200 |  333.919199ms |             ::1 | GET      "/api/v1/server/ping?id=369ca901-3170-4aad-8ed0-2927a464f38a"
[GIN] 2020/05/11 - 09:36:45 | 200 |  157.206761ms |             ::1 | GET      "/api/v1/server/ping?id=369ca901-3170-4aad-8ed0-2927a464f38a"
[GIN] 2020/05/11 - 09:36:46 | 200 |   91.999265ms |             ::1 | GET      "/api/v1/user/info"
[GIN] 2020/05/11 - 09:36:47 | 200 |  205.008636ms |             ::1 | GET      "/api/v1/server/ping?id=369ca901-3170-4aad-8ed0-2927a464f38a"
[GIN] 2020/05/11 - 09:36:47 | 200 |  358.049427ms |             ::1 | GET      "/api/v1/server/list"
[GIN] 2020/05/11 - 09:36:47 | 200 |   49.056171ms |             ::1 | GET      "/api/v1/server/ping?id=369ca901-3170-4aad-8ed0-2927a464f38a"
[GIN] 2020/05/11 - 09:36:49 | 200 |  885.486938ms |             ::1 | GET      "/api/v1/server/ping?id=369ca901-3170-4aad-8ed0-2927a464f38a"
[GIN] 2020/05/11 - 09:36:49 | 200 |   63.367981ms |             ::1 | GET      "/api/v1/server/ping?id=369ca901-3170-4aad-8ed0-2927a464f38a"
[GIN] 2020/05/11 - 09:36:49 | 200 |   57.000855ms |             ::1 | GET      "/api/v1/server/ping?id=369ca901-3170-4aad-8ed0-2927a464f38a"
[GIN] 2020/05/11 - 09:36:49 | 200 |   62.704884ms |             ::1 | GET      "/api/v1/server/ping?id=369ca901-3170-4aad-8ed0-2927a464f38a"
[GIN] 2020/05/11 - 09:36:50 | 200 |   57.473306ms |             ::1 | GET      "/api/v1/server/ping?id=369ca901-3170-4aad-8ed0-2927a464f38a"
[GIN] 2020/05/11 - 09:36:50 | 200 |   39.574784ms |             ::1 | GET      "/api/v1/server/ping?id=369ca901-3170-4aad-8ed0-2927a464f38a"
[GIN] 2020/05/11 - 09:36:51 | 200 |   63.535248ms |             ::1 | GET      "/api/v1/server/ping?id=369ca901-3170-4aad-8ed0-2927a464f38a"
[GIN] 2020/05/11 - 09:36:51 | 200 |   46.987209ms |             ::1 | GET      "/api/v1/server/ping?id=369ca901-3170-4aad-8ed0-2927a464f38a"
[GIN] 2020/05/11 - 09:36:52 | 200 |   44.003001ms |             ::1 | GET      "/api/v1/server/ping?id=369ca901-3170-4aad-8ed0-2927a464f38a"
[GIN] 2020/05/11 - 09:36:52 | 200 |   44.139055ms |             ::1 | GET      "/api/v1/server/ping?id=369ca901-3170-4aad-8ed0-2927a464f38a"
[GIN] 2020/05/11 - 09:36:53 | 200 |   67.843513ms |             ::1 | GET      "/api/v1/server/ping?id=369ca901-3170-4aad-8ed0-2927a464f38a"
[GIN] 2020/05/11 - 09:36:53 | 200 |    49.37367ms |             ::1 | GET      "/api/v1/server/ping?id=369ca901-3170-4aad-8ed0-2927a464f38a"
[GIN] 2020/05/11 - 09:36:54 | 200 |   82.322822ms |             ::1 | GET      "/api/v1/server/ping?id=369ca901-3170-4aad-8ed0-2927a464f38a"
[GIN] 2020/05/11 - 09:36:54 | 200 |   43.029399ms |             ::1 | GET      "/api/v1/server/ping?id=369ca901-3170-4aad-8ed0-2927a464f38a"
[GIN] 2020/05/11 - 09:36:55 | 200 |  196.789082ms |             ::1 | GET      "/api/v1/server/ping?id=369ca901-3170-4aad-8ed0-2927a464f38a"
[GIN] 2020/05/11 - 09:36:55 | 200 |   57.033932ms |             ::1 | GET      "/api/v1/server/ping?id=369ca901-3170-4aad-8ed0-2927a464f38a"
[GIN] 2020/05/11 - 09:36:56 | 200 |  302.807601ms |             ::1 | GET      "/api/v1/server/ping?id=369ca901-3170-4aad-8ed0-2927a464f38a"
[GIN] 2020/05/11 - 09:36:56 | 200 |   69.705972ms |             ::1 | GET      "/api/v1/server/ping?id=369ca901-3170-4aad-8ed0-2927a464f38a"
[GIN] 2020/05/11 - 09:36:57 | 200 |   86.327897ms |             ::1 | GET      "/api/v1/server/ping?id=369ca901-3170-4aad-8ed0-2927a464f38a"
[GIN] 2020/05/11 - 09:36:57 | 200 |   56.686223ms |             ::1 | GET      "/api/v1/server/ping?id=369ca901-3170-4aad-8ed0-2927a464f38a"
[GIN] 2020/05/11 - 09:36:58 | 200 |   47.371716ms |             ::1 | GET      "/api/v1/server/ping?id=369ca901-3170-4aad-8ed0-2927a464f38a"
[GIN] 2020/05/11 - 09:36:58 | 200 |   46.753596ms |             ::1 | GET      "/api/v1/server/ping?id=369ca901-3170-4aad-8ed0-2927a464f38a"
[GIN] 2020/05/11 - 09:36:59 | 200 |   37.439405ms |             ::1 | GET      "/api/v1/server/ping?id=369ca901-3170-4aad-8ed0-2927a464f38a"
[GIN] 2020/05/11 - 09:36:59 | 200 |   78.237214ms |             ::1 | GET      "/api/v1/server/ping?id=369ca901-3170-4aad-8ed0-2927a464f38a"
[GIN] 2020/05/11 - 09:36:59 | 200 |   60.309745ms |             ::1 | GET      "/api/v1/server/list"
[GIN] 2020/05/11 - 09:37:00 | 200 |   61.792174ms |             ::1 | GET      "/api/v1/server/ping?id=369ca901-3170-4aad-8ed0-2927a464f38a"
[GIN] 2020/05/11 - 09:37:00 | 200 |   51.250712ms |             ::1 | GET      "/api/v1/server/list"
[GIN] 2020/05/11 - 09:37:19 | 200 |  116.145069ms |             ::1 | GET      "/api/v1/user/info"
[GIN] 2020/05/11 - 09:37:20 | 200 |   51.255303ms |             ::1 | GET      "/api/v1/config/list"
[GIN] 2020/05/11 - 09:37:23 | 200 |   217.33398ms |             ::1 | GET      "/api/v1/user/info"
[GIN] 2020/05/11 - 09:37:24 | 200 |   82.703304ms |             ::1 | GET      "/api/v1/server/list"
[GIN] 2020/05/11 - 09:37:26 | 200 |  207.980934ms |             ::1 | GET      "/api/v1/user/info"
[GIN] 2020/05/11 - 09:37:27 | 200 |   84.121697ms |             ::1 | GET      "/api/v1/config/list"
[GIN] 2020/05/11 - 09:37:46 | 200 |    145.7551ms |             ::1 | POST     "/api/v1/config"
[GIN] 2020/05/11 - 09:37:48 | 200 |  116.143464ms |             ::1 | GET      "/api/v1/user/info"
[GIN] 2020/05/11 - 09:37:48 | 200 |   54.586821ms |             ::1 | GET      "/api/v1/server/list"
[GIN] 2020/05/11 - 09:38:07 | 200 |  232.350984ms |             ::1 | GET      "/api/v1/user/info"
[GIN] 2020/05/11 - 09:38:13 | 200 |  231.125901ms |             ::1 | GET      "/api/v1/user/info"
[GIN] 2020/05/11 - 09:38:18 | 200 |  187.783943ms |             ::1 | GET      "/api/v1/user/info"
[GIN] 2020/05/11 - 09:38:18 | 200 |   27.647266ms |             ::1 | GET      "/static/js/chunk-fede7b30.436a237e.js"
[GIN] 2020/05/11 - 09:38:21 | 200 |  805.470612ms |             ::1 | GET      "/api/v1/user/info"
[GIN] 2020/05/11 - 09:38:27 | 304 |     1.27196ms |             ::1 | GET      "/"
[GIN] 2020/05/11 - 09:38:27 | 304 |   78.270976ms |             ::1 | GET      "/static/css/chunk-elementUI.ded27da0.css"
[GIN] 2020/05/11 - 09:38:27 | 304 |    91.42089ms |             ::1 | GET      "/static/js/app.332cd29d.js"
[GIN] 2020/05/11 - 09:38:27 | 304 |   91.872769ms |             ::1 | GET      "/static/js/chunk-libs.eee2dcd9.js"
[GIN] 2020/05/11 - 09:38:27 | 304 |   93.507442ms |             ::1 | GET      "/static/css/app.2107c99d.css"
[GIN] 2020/05/11 - 09:38:27 | 304 |     93.8372ms |             ::1 | GET      "/static/css/chunk-libs.3dfb7769.css"
[GIN] 2020/05/11 - 09:38:27 | 304 |   94.549601ms |             ::1 | GET      "/static/js/chunk-elementUI.2343f68b.js"
[GIN] 2020/05/11 - 09:38:27 | 304 |   10.646569ms |             ::1 | GET      "/static/js/chunk-libs.eee2dcd9.js"
[GIN] 2020/05/11 - 09:38:27 | 304 |   11.476878ms |             ::1 | GET      "/static/js/chunk-elementUI.2343f68b.js"
[GIN] 2020/05/11 - 09:38:27 | 304 |   11.088239ms |             ::1 | GET      "/static/js/app.332cd29d.js"
[GIN] 2020/05/11 - 09:38:28 | 200 |  336.430689ms |             ::1 | GET      "/api/v1/user/info"
[GIN] 2020/05/11 - 09:38:29 | 304 |  154.825391ms |             ::1 | GET      "/static/js/chunk-a3fa16c6.f8914204.js"
[GIN] 2020/05/11 - 09:38:29 | 304 |  165.907227ms |             ::1 | GET      "/static/css/chunk-a3fa16c6.b902ef2d.css"
[GIN] 2020/05/11 - 09:38:29 | 304 |    17.02987ms |             ::1 | GET      "/static/fonts/element-icons.535877f5.woff"
[GIN] 2020/05/11 - 09:38:30 | 200 |  857.079918ms |             ::1 | GET      "/api/v1/user/info"
[GIN] 2020/05/11 - 09:38:32 | 200 |  282.919763ms |             ::1 | GET      "/api/v1/user/info"
[GIN] 2020/05/11 - 09:38:32 | 304 |   25.577059ms |             ::1 | GET      "/static/css/chunk-26b79b28.5c8e99ce.css"
[GIN] 2020/05/11 - 09:38:32 | 304 |   24.192019ms |             ::1 | GET      "/static/js/chunk-26b79b28.725781cd.js"
[GIN] 2020/05/11 - 09:38:36 | 200 | 39.297300575s |             ::1 | POST     "/api/v1/server"
[GIN] 2020/05/11 - 09:38:36 | 200 | 28.886514045s |             ::1 | GET      "/api/v1/server/detail?id=369ca901-3170-4aad-8ed0-2927a464f38a"
[GIN] 2020/05/11 - 09:38:36 | 200 | 22.790795299s |             ::1 | GET      "/api/v1/server/list"
[GIN] 2020/05/11 - 09:38:36 | 200 | 17.572882795s |             ::1 | GET      "/api/v1/server/list"
[GIN] 2020/05/11 - 09:38:36 | 200 | 12.873696797s |             ::1 | GET      "/api/v1/server/list"
[GIN] 2020/05/11 - 09:38:36 | 200 |  3.956875831s |             ::1 | GET      "/api/v1/server/list"
[GIN] 2020/05/11 - 09:38:49 | 200 |  207.321943ms |             ::1 | POST     "/api/v1/server"
[GIN] 2020/05/11 - 09:38:50 | 200 |  248.802258ms |             ::1 | GET      "/api/v1/server/ping?id=efc77c5d-31bd-42bc-8441-59bd0072ac82"
[GIN] 2020/05/11 - 09:38:51 | 200 |  108.343516ms |             ::1 | GET      "/api/v1/server/ping?id=efc77c5d-31bd-42bc-8441-59bd0072ac82"
[GIN] 2020/05/11 - 09:38:52 | 200 |   60.443014ms |             ::1 | GET      "/api/v1/server/ping?id=efc77c5d-31bd-42bc-8441-59bd0072ac82"
[GIN] 2020/05/11 - 09:38:53 | 200 |   53.063097ms |             ::1 | GET      "/api/v1/server/ping?id=efc77c5d-31bd-42bc-8441-59bd0072ac82"
[GIN] 2020/05/11 - 09:38:54 | 200 |   54.161939ms |             ::1 | GET      "/api/v1/server/ping?id=efc77c5d-31bd-42bc-8441-59bd0072ac82"
[GIN] 2020/05/11 - 09:38:55 | 200 |   53.304687ms |             ::1 | GET      "/api/v1/server/ping?id=efc77c5d-31bd-42bc-8441-59bd0072ac82"
[GIN] 2020/05/11 - 09:38:57 | 200 |  200.367827ms |             ::1 | GET      "/api/v1/server/ping?id=efc77c5d-31bd-42bc-8441-59bd0072ac82"
[GIN] 2020/05/11 - 09:38:57 | 200 |   53.782383ms |             ::1 | GET      "/api/v1/server/ping?id=efc77c5d-31bd-42bc-8441-59bd0072ac82"
[GIN] 2020/05/11 - 09:38:58 | 200 |   50.038242ms |             ::1 | GET      "/api/v1/server/ping?id=efc77c5d-31bd-42bc-8441-59bd0072ac82"
[GIN] 2020/05/11 - 09:39:00 | 200 |  371.997996ms |             ::1 | GET      "/api/v1/server/ping?id=efc77c5d-31bd-42bc-8441-59bd0072ac82"
[GIN] 2020/05/11 - 09:39:00 | 200 |   80.310705ms |             ::1 | GET      "/api/v1/server/ping?id=efc77c5d-31bd-42bc-8441-59bd0072ac82"
[GIN] 2020/05/11 - 09:39:01 | 200 |   55.615539ms |             ::1 | GET      "/api/v1/server/ping?id=efc77c5d-31bd-42bc-8441-59bd0072ac82"
[GIN] 2020/05/11 - 09:39:02 | 200 |   55.877793ms |             ::1 | GET      "/api/v1/server/ping?id=efc77c5d-31bd-42bc-8441-59bd0072ac82"
[GIN] 2020/05/11 - 09:39:03 | 200 |   56.313429ms |             ::1 | GET      "/api/v1/server/ping?id=efc77c5d-31bd-42bc-8441-59bd0072ac82"
[GIN] 2020/05/11 - 09:39:04 | 200 |   50.493427ms |             ::1 | GET      "/api/v1/server/ping?id=efc77c5d-31bd-42bc-8441-59bd0072ac82"
[GIN] 2020/05/11 - 09:39:05 | 200 |   53.772713ms |             ::1 | GET      "/api/v1/server/ping?id=efc77c5d-31bd-42bc-8441-59bd0072ac82"
[GIN] 2020/05/11 - 09:39:06 | 200 |   59.051911ms |             ::1 | GET      "/api/v1/server/ping?id=efc77c5d-31bd-42bc-8441-59bd0072ac82"
[GIN] 2020/05/11 - 09:39:07 | 200 |   48.969163ms |             ::1 | GET      "/api/v1/server/ping?id=efc77c5d-31bd-42bc-8441-59bd0072ac82"
[GIN] 2020/05/11 - 09:39:08 | 200 |    53.54547ms |             ::1 | GET      "/api/v1/server/ping?id=efc77c5d-31bd-42bc-8441-59bd0072ac82"
[GIN] 2020/05/11 - 09:39:10 | 200 |  188.779573ms |             ::1 | GET      "/api/v1/server/ping?id=efc77c5d-31bd-42bc-8441-59bd0072ac82"
[GIN] 2020/05/11 - 09:39:10 | 200 |    65.89421ms |             ::1 | GET      "/api/v1/server/ping?id=efc77c5d-31bd-42bc-8441-59bd0072ac82"
[GIN] 2020/05/11 - 09:39:11 | 200 |   57.373676ms |             ::1 | GET      "/api/v1/server/ping?id=efc77c5d-31bd-42bc-8441-59bd0072ac82"
[GIN] 2020/05/11 - 09:39:12 | 200 |   67.743259ms |             ::1 | GET      "/api/v1/server/ping?id=efc77c5d-31bd-42bc-8441-59bd0072ac82"
[GIN] 2020/05/11 - 09:39:13 | 200 |   58.676014ms |             ::1 | GET      "/api/v1/server/ping?id=efc77c5d-31bd-42bc-8441-59bd0072ac82"
[GIN] 2020/05/11 - 09:39:15 | 200 |  554.716907ms |             ::1 | GET      "/api/v1/server/ping?id=efc77c5d-31bd-42bc-8441-59bd0072ac82"
[GIN] 2020/05/11 - 09:39:15 | 200 |   90.813053ms |             ::1 | GET      "/api/v1/server/ping?id=efc77c5d-31bd-42bc-8441-59bd0072ac82"
[GIN] 2020/05/11 - 09:39:16 | 200 |   45.713425ms |             ::1 | GET      "/api/v1/server/ping?id=efc77c5d-31bd-42bc-8441-59bd0072ac82"
[GIN] 2020/05/11 - 09:39:17 | 200 |   61.913797ms |             ::1 | GET      "/api/v1/server/ping?id=efc77c5d-31bd-42bc-8441-59bd0072ac82"
[GIN] 2020/05/11 - 09:39:19 | 200 |  942.377663ms |             ::1 | GET      "/api/v1/server/ping?id=efc77c5d-31bd-42bc-8441-59bd0072ac82"
[GIN] 2020/05/11 - 09:39:19 | 200 |   63.202761ms |             ::1 | GET      "/api/v1/server/ping?id=efc77c5d-31bd-42bc-8441-59bd0072ac82"
[GIN] 2020/05/11 - 09:39:21 | 200 |   96.202302ms |             ::1 | GET      "/api/v1/server/ping?id=efc77c5d-31bd-42bc-8441-59bd0072ac82"
[GIN] 2020/05/11 - 09:39:21 | 200 |    55.26126ms |             ::1 | GET      "/api/v1/server/ping?id=efc77c5d-31bd-42bc-8441-59bd0072ac82"
[GIN] 2020/05/11 - 09:39:23 | 200 |  325.417213ms |             ::1 | GET      "/api/v1/server/ping?id=efc77c5d-31bd-42bc-8441-59bd0072ac82"
[GIN] 2020/05/11 - 09:39:23 | 200 |  130.442326ms |             ::1 | GET      "/api/v1/server/ping?id=efc77c5d-31bd-42bc-8441-59bd0072ac82"
[GIN] 2020/05/11 - 09:39:24 | 200 |   49.717666ms |             ::1 | GET      "/api/v1/server/ping?id=efc77c5d-31bd-42bc-8441-59bd0072ac82"
[GIN] 2020/05/11 - 09:39:25 | 200 |   56.824897ms |             ::1 | GET      "/api/v1/server/ping?id=efc77c5d-31bd-42bc-8441-59bd0072ac82"
[GIN] 2020/05/11 - 09:39:26 | 200 |   56.291515ms |             ::1 | GET      "/api/v1/server/ping?id=efc77c5d-31bd-42bc-8441-59bd0072ac82"
[GIN] 2020/05/11 - 09:39:27 | 200 |   46.822315ms |             ::1 | GET      "/api/v1/server/ping?id=efc77c5d-31bd-42bc-8441-59bd0072ac82"
[GIN] 2020/05/11 - 09:39:28 | 200 |   54.171124ms |             ::1 | GET      "/api/v1/server/ping?id=efc77c5d-31bd-42bc-8441-59bd0072ac82"
[GIN] 2020/05/11 - 09:39:29 | 200 |   48.493917ms |             ::1 | GET      "/api/v1/server/ping?id=efc77c5d-31bd-42bc-8441-59bd0072ac82"
[GIN] 2020/05/11 - 09:39:30 | 200 |   55.219972ms |             ::1 | GET      "/api/v1/server/ping?id=efc77c5d-31bd-42bc-8441-59bd0072ac82"
[GIN] 2020/05/11 - 09:39:31 | 200 |    55.68207ms |             ::1 | GET      "/api/v1/server/ping?id=efc77c5d-31bd-42bc-8441-59bd0072ac82"
[GIN] 2020/05/11 - 09:39:32 | 200 |   52.560695ms |             ::1 | GET      "/api/v1/server/ping?id=efc77c5d-31bd-42bc-8441-59bd0072ac82"
[GIN] 2020/05/11 - 09:39:33 | 200 |   57.565811ms |             ::1 | GET      "/api/v1/server/ping?id=efc77c5d-31bd-42bc-8441-59bd0072ac82"
[GIN] 2020/05/11 - 09:39:34 | 200 |   57.139867ms |             ::1 | GET      "/api/v1/server/ping?id=efc77c5d-31bd-42bc-8441-59bd0072ac82"
[GIN] 2020/05/11 - 09:39:36 | 200 |  825.171911ms |             ::1 | GET      "/api/v1/server/ping?id=efc77c5d-31bd-42bc-8441-59bd0072ac82"
[GIN] 2020/05/11 - 09:39:36 | 200 |   52.450834ms |             ::1 | GET      "/api/v1/server/ping?id=efc77c5d-31bd-42bc-8441-59bd0072ac82"
[GIN] 2020/05/11 - 09:39:37 | 200 |    79.65234ms |             ::1 | GET      "/api/v1/server/ping?id=efc77c5d-31bd-42bc-8441-59bd0072ac82"
[GIN] 2020/05/11 - 09:39:38 | 200 |   60.103702ms |             ::1 | GET      "/api/v1/server/ping?id=efc77c5d-31bd-42bc-8441-59bd0072ac82"
[GIN] 2020/05/11 - 09:39:39 | 200 |   50.354253ms |             ::1 | GET      "/api/v1/server/ping?id=efc77c5d-31bd-42bc-8441-59bd0072ac82"
[GIN] 2020/05/11 - 09:39:40 | 200 |   57.379822ms |             ::1 | GET      "/api/v1/server/ping?id=efc77c5d-31bd-42bc-8441-59bd0072ac82"
[GIN] 2020/05/11 - 09:39:41 | 200 |   50.260764ms |             ::1 | GET      "/api/v1/server/ping?id=efc77c5d-31bd-42bc-8441-59bd0072ac82"
[GIN] 2020/05/11 - 09:39:42 | 200 |   94.037314ms |             ::1 | GET      "/api/v1/server/ping?id=efc77c5d-31bd-42bc-8441-59bd0072ac82"
[GIN] 2020/05/11 - 09:39:43 | 200 |   58.788033ms |             ::1 | GET      "/api/v1/server/ping?id=efc77c5d-31bd-42bc-8441-59bd0072ac82"
[GIN] 2020/05/11 - 09:39:45 | 200 |  288.364864ms |             ::1 | GET      "/api/v1/server/ping?id=efc77c5d-31bd-42bc-8441-59bd0072ac82"
[GIN] 2020/05/11 - 09:39:45 | 200 |   78.354288ms |             ::1 | GET      "/api/v1/server/ping?id=efc77c5d-31bd-42bc-8441-59bd0072ac82"
[GIN] 2020/05/11 - 09:39:46 | 200 |   56.594113ms |             ::1 | GET      "/api/v1/server/ping?id=efc77c5d-31bd-42bc-8441-59bd0072ac82"
[GIN] 2020/05/11 - 09:39:47 | 200 |   50.376827ms |             ::1 | GET      "/api/v1/server/ping?id=efc77c5d-31bd-42bc-8441-59bd0072ac82"
[GIN] 2020/05/11 - 09:39:48 | 200 |   57.259604ms |             ::1 | GET      "/api/v1/server/ping?id=efc77c5d-31bd-42bc-8441-59bd0072ac82"
[GIN] 2020/05/11 - 09:39:49 | 200 |   60.245497ms |             ::1 | GET      "/api/v1/server/ping?id=efc77c5d-31bd-42bc-8441-59bd0072ac82"
[GIN] 2020/05/11 - 09:39:51 | 200 |  212.098611ms |             ::1 | GET      "/api/v1/server/ping?id=efc77c5d-31bd-42bc-8441-59bd0072ac82"
[GIN] 2020/05/11 - 09:56:27 | 200 |    9.291457ms |             ::1 | GET      "/"
[GIN] 2020/05/11 - 09:56:27 | 200 |     342.284µs |             ::1 | GET      "/static/css/chunk-elementUI.ded27da0.css"
[GIN] 2020/05/11 - 09:56:27 | 200 |     332.344µs |             ::1 | GET      "/static/css/chunk-libs.3dfb7769.css"
[GIN] 2020/05/11 - 09:56:27 | 200 |     382.965µs |             ::1 | GET      "/static/css/app.2107c99d.css"
[GIN] 2020/05/11 - 09:56:27 | 200 |    1.146258ms |             ::1 | GET      "/static/js/chunk-elementUI.2343f68b.js"
[GIN] 2020/05/11 - 09:56:27 | 200 |     412.599µs |             ::1 | GET      "/static/js/chunk-libs.eee2dcd9.js"
[GIN] 2020/05/11 - 09:56:27 | 200 |     422.581µs |             ::1 | GET      "/static/js/app.332cd29d.js"
[GIN] 2020/05/11 - 09:56:28 | 200 |  391.611423ms |             ::1 | GET      "/api/v1/user/info"
[GIN] 2020/05/11 - 09:56:28 | 200 |     271.477µs |             ::1 | GET      "/static/css/chunk-a3fa16c6.b902ef2d.css"
[GIN] 2020/05/11 - 09:56:28 | 200 |     414.222µs |             ::1 | GET      "/static/js/chunk-a3fa16c6.f8914204.js"
[GIN] 2020/05/11 - 09:56:29 | 200 |  173.246295ms |             ::1 | GET      "/api/v1/user/info"
[GIN] 2020/05/11 - 09:56:29 | 200 |    1.040455ms |             ::1 | GET      "/static/fonts/element-icons.535877f5.woff"
[GIN] 2020/05/11 - 09:56:29 | 200 |    1.426641ms |             ::1 | GET      "/favicon.ico"
[GIN] 2020/05/11 - 09:56:30 | 200 |  116.994151ms |             ::1 | GET      "/api/v1/user/info"
[GIN] 2020/05/11 - 09:56:30 | 200 |     740.131µs |             ::1 | GET      "/static/css/chunk-2aaab5fe.23a2ad51.css"
[GIN] 2020/05/11 - 09:56:30 | 200 |    1.023897ms |             ::1 | GET      "/static/js/chunk-2aaab5fe.eb88fefe.js"
[GIN] 2020/05/11 - 09:56:31 | 200 |   55.310438ms |             ::1 | GET      "/api/v1/config/list"
[GIN] 2020/05/11 - 09:56:37 | 200 |  434.373651ms |             ::1 | GET      "/api/v1/user/info"
[GIN] 2020/05/11 - 09:56:37 | 200 |     981.716µs |             ::1 | GET      "/static/css/chunk-26b79b28.5c8e99ce.css"
[GIN] 2020/05/11 - 09:56:37 | 200 |    1.108733ms |             ::1 | GET      "/static/js/chunk-26b79b28.725781cd.js"
[GIN] 2020/05/11 - 09:56:38 | 200 |   67.220408ms |             ::1 | GET      "/api/v1/server/list"
[GIN] 2020/05/11 - 09:57:08 | 200 |  523.411342ms |             ::1 | POST     "/api/v1/server/info"
[GIN] 2020/05/11 - 09:57:20 | 200 |    849.0203ms |             ::1 | POST     "/api/v1/server"
[GIN] 2020/05/11 - 09:57:22 | 200 |  771.248652ms |             ::1 | GET      "/api/v1/server/ping?id=8d9f8f20-44a5-4a64-85a5-b17de9ab3ef5"
[GIN] 2020/05/11 - 09:57:22 | 200 |   64.338693ms |             ::1 | GET      "/api/v1/server/ping?id=8d9f8f20-44a5-4a64-85a5-b17de9ab3ef5"
[GIN] 2020/05/11 - 09:57:23 | 200 |   74.193687ms |             ::1 | GET      "/api/v1/server/ping?id=8d9f8f20-44a5-4a64-85a5-b17de9ab3ef5"
[GIN] 2020/05/11 - 09:57:24 | 200 |  171.904461ms |             ::1 | GET      "/api/v1/server/ping?id=8d9f8f20-44a5-4a64-85a5-b17de9ab3ef5"
[GIN] 2020/05/11 - 09:57:26 | 200 |  823.861346ms |             ::1 | GET      "/api/v1/server/ping?id=8d9f8f20-44a5-4a64-85a5-b17de9ab3ef5"
[GIN] 2020/05/11 - 09:57:26 | 200 |   54.567047ms |             ::1 | GET      "/api/v1/server/ping?id=8d9f8f20-44a5-4a64-85a5-b17de9ab3ef5"
[GIN] 2020/05/11 - 09:57:27 | 200 |  157.725679ms |             ::1 | GET      "/api/v1/server/ping?id=8d9f8f20-44a5-4a64-85a5-b17de9ab3ef5"
[GIN] 2020/05/11 - 09:57:28 | 200 |   55.948578ms |             ::1 | GET      "/api/v1/server/ping?id=8d9f8f20-44a5-4a64-85a5-b17de9ab3ef5"
[GIN] 2020/05/11 - 09:57:29 | 200 |   70.655366ms |             ::1 | GET      "/api/v1/server/ping?id=8d9f8f20-44a5-4a64-85a5-b17de9ab3ef5"
[GIN] 2020/05/11 - 09:57:30 | 200 |   49.007398ms |             ::1 | GET      "/api/v1/server/ping?id=8d9f8f20-44a5-4a64-85a5-b17de9ab3ef5"
[GIN] 2020/05/11 - 09:57:31 | 200 |   61.501154ms |             ::1 | GET      "/api/v1/server/ping?id=8d9f8f20-44a5-4a64-85a5-b17de9ab3ef5"
[GIN] 2020/05/11 - 09:57:32 | 200 |   322.79824ms |             ::1 | GET      "/api/v1/server/ping?id=8d9f8f20-44a5-4a64-85a5-b17de9ab3ef5"
[GIN] 2020/05/11 - 09:57:34 | 200 |  262.307586ms |             ::1 | GET      "/api/v1/server/ping?id=8d9f8f20-44a5-4a64-85a5-b17de9ab3ef5"
[GIN] 2020/05/11 - 09:57:34 | 200 |   57.123687ms |             ::1 | GET      "/api/v1/server/ping?id=8d9f8f20-44a5-4a64-85a5-b17de9ab3ef5"
[GIN] 2020/05/11 - 09:57:35 | 200 |    49.75767ms |             ::1 | GET      "/api/v1/server/ping?id=8d9f8f20-44a5-4a64-85a5-b17de9ab3ef5"
[GIN] 2020/05/11 - 09:57:36 | 200 |   67.099621ms |             ::1 | GET      "/api/v1/server/ping?id=8d9f8f20-44a5-4a64-85a5-b17de9ab3ef5"
[GIN] 2020/05/11 - 09:57:37 | 200 |   68.596225ms |             ::1 | GET      "/api/v1/server/ping?id=8d9f8f20-44a5-4a64-85a5-b17de9ab3ef5"
[GIN] 2020/05/11 - 09:57:38 | 200 |   44.061743ms |             ::1 | GET      "/api/v1/server/ping?id=8d9f8f20-44a5-4a64-85a5-b17de9ab3ef5"
[GIN] 2020/05/11 - 09:57:39 | 200 |   64.314405ms |             ::1 | GET      "/api/v1/server/ping?id=8d9f8f20-44a5-4a64-85a5-b17de9ab3ef5"
[GIN] 2020/05/11 - 09:57:40 | 200 |   44.528021ms |             ::1 | GET      "/api/v1/server/ping?id=8d9f8f20-44a5-4a64-85a5-b17de9ab3ef5"
[GIN] 2020/05/11 - 09:57:42 | 200 |  292.433672ms |             ::1 | GET      "/api/v1/server/ping?id=8d9f8f20-44a5-4a64-85a5-b17de9ab3ef5"
[GIN] 2020/05/11 - 09:57:43 | 200 |  1.018043424s |             ::1 | GET      "/api/v1/server/ping?id=8d9f8f20-44a5-4a64-85a5-b17de9ab3ef5"
[GIN] 2020/05/11 - 09:57:44 | 200 |  423.624908ms |             ::1 | GET      "/api/v1/server/ping?id=8d9f8f20-44a5-4a64-85a5-b17de9ab3ef5"
[GIN] 2020/05/11 - 09:57:45 | 200 |  290.399951ms |             ::1 | GET      "/api/v1/server/ping?id=8d9f8f20-44a5-4a64-85a5-b17de9ab3ef5"
[GIN] 2020/05/11 - 09:57:45 | 200 |   75.131107ms |             ::1 | GET      "/api/v1/server/ping?id=8d9f8f20-44a5-4a64-85a5-b17de9ab3ef5"
[GIN] 2020/05/11 - 09:57:46 | 200 |   40.842682ms |             ::1 | GET      "/api/v1/server/ping?id=8d9f8f20-44a5-4a64-85a5-b17de9ab3ef5"
[GIN] 2020/05/11 - 09:57:47 | 200 |   54.260936ms |             ::1 | GET      "/api/v1/server/ping?id=8d9f8f20-44a5-4a64-85a5-b17de9ab3ef5"
[GIN] 2020/05/11 - 09:57:48 | 200 |   55.296532ms |             ::1 | GET      "/api/v1/server/ping?id=8d9f8f20-44a5-4a64-85a5-b17de9ab3ef5"
[GIN] 2020/05/11 - 09:57:49 | 200 |   46.101675ms |             ::1 | GET      "/api/v1/server/ping?id=8d9f8f20-44a5-4a64-85a5-b17de9ab3ef5"
[GIN] 2020/05/11 - 09:57:50 | 200 |   66.294097ms |             ::1 | GET      "/api/v1/server/ping?id=8d9f8f20-44a5-4a64-85a5-b17de9ab3ef5"
[GIN] 2020/05/11 - 09:57:51 | 200 |   64.219771ms |             ::1 | GET      "/api/v1/server/ping?id=8d9f8f20-44a5-4a64-85a5-b17de9ab3ef5"
[GIN] 2020/05/11 - 09:57:51 | 200 |   57.280802ms |             ::1 | GET      "/api/v1/server/list"
[GIN] 2020/05/11 - 09:58:26 | 200 |  149.478335ms |             ::1 | GET      "/api/v1/user/info"
[GIN] 2020/05/11 - 09:58:27 | 200 |   86.404033ms |             ::1 | GET      "/api/v1/config/list"
[GIN] 2020/05/11 - 09:58:45 | 200 |  184.953337ms |             ::1 | POST     "/api/v1/config"
[GIN] 2020/05/11 - 09:58:47 | 200 |   252.58159ms |             ::1 | GET      "/api/v1/user/info"
[GIN] 2020/05/11 - 09:58:48 | 200 |   84.076524ms |             ::1 | GET      "/api/v1/server/list"
[GIN] 2020/05/11 - 09:58:54 | 200 |  2.762247835s |             ::1 | POST     "/api/v1/server"
[GIN] 2020/05/11 - 09:58:55 | 200 |   73.239674ms |             ::1 | GET      "/api/v1/server/ping?id=8d9f8f20-44a5-4a64-85a5-b17de9ab3ef5"
[GIN] 2020/05/11 - 09:58:55 | 200 |    84.43825ms |             ::1 | GET      "/api/v1/server/list"
[GIN] 2020/05/11 - 09:59:02 | 200 |  891.213149ms |             ::1 | POST     "/api/v1/server/info"
[GIN] 2020/05/11 - 09:59:14 | 200 |  767.896295ms |             ::1 | POST     "/api/v1/server/info"
[GIN] 2020/05/11 - 09:59:44 | 200 |  257.130612ms |             ::1 | POST     "/api/v1/server"
[GIN] 2020/05/11 - 09:59:46 | 200 |  238.961322ms |             ::1 | GET      "/api/v1/server/ping?id=8d9f8f20-44a5-4a64-85a5-b17de9ab3ef5"
[GIN] 2020/05/11 - 09:59:47 | 200 |   54.223254ms |             ::1 | GET      "/api/v1/server/ping?id=8d9f8f20-44a5-4a64-85a5-b17de9ab3ef5"
[GIN] 2020/05/11 - 09:59:48 | 200 |   94.421754ms |             ::1 | GET      "/api/v1/server/ping?id=8d9f8f20-44a5-4a64-85a5-b17de9ab3ef5"
[GIN] 2020/05/11 - 09:59:50 | 200 |  155.580267ms |             ::1 | GET      "/api/v1/server/ping?id=8d9f8f20-44a5-4a64-85a5-b17de9ab3ef5"
[GIN] 2020/05/11 - 09:59:50 | 200 |   47.838952ms |             ::1 | GET      "/api/v1/server/ping?id=8d9f8f20-44a5-4a64-85a5-b17de9ab3ef5"
[GIN] 2020/05/11 - 09:59:51 | 200 |   64.633998ms |             ::1 | GET      "/api/v1/server/ping?id=8d9f8f20-44a5-4a64-85a5-b17de9ab3ef5"
[GIN] 2020/05/11 - 09:59:52 | 200 |   71.743463ms |             ::1 | GET      "/api/v1/server/ping?id=8d9f8f20-44a5-4a64-85a5-b17de9ab3ef5"
[GIN] 2020/05/11 - 09:59:53 | 200 |   53.872198ms |             ::1 | GET      "/api/v1/server/ping?id=8d9f8f20-44a5-4a64-85a5-b17de9ab3ef5"
[GIN] 2020/05/11 - 09:59:54 | 200 |   59.685409ms |             ::1 | GET      "/api/v1/server/ping?id=8d9f8f20-44a5-4a64-85a5-b17de9ab3ef5"
[GIN] 2020/05/11 - 09:59:55 | 200 |   85.552557ms |             ::1 | GET      "/api/v1/server/ping?id=8d9f8f20-44a5-4a64-85a5-b17de9ab3ef5"
[GIN] 2020/05/11 - 09:59:58 | 200 |   1.16067879s |             ::1 | GET      "/api/v1/server/ping?id=8d9f8f20-44a5-4a64-85a5-b17de9ab3ef5"
[GIN] 2020/05/11 - 09:59:58 | 200 |   51.141411ms |             ::1 | GET      "/api/v1/server/ping?id=8d9f8f20-44a5-4a64-85a5-b17de9ab3ef5"
[GIN] 2020/05/11 - 09:59:58 | 200 |   79.007229ms |             ::1 | GET      "/api/v1/server/ping?id=8d9f8f20-44a5-4a64-85a5-b17de9ab3ef5"
[GIN] 2020/05/11 - 09:59:59 | 200 |   52.811115ms |             ::1 | GET      "/api/v1/server/ping?id=8d9f8f20-44a5-4a64-85a5-b17de9ab3ef5"
[GIN] 2020/05/11 - 10:00:01 | 200 |  305.493181ms |             ::1 | GET      "/api/v1/server/ping?id=8d9f8f20-44a5-4a64-85a5-b17de9ab3ef5"
[GIN] 2020/05/11 - 10:00:01 | 200 |  102.438426ms |             ::1 | GET      "/api/v1/server/ping?id=8d9f8f20-44a5-4a64-85a5-b17de9ab3ef5"
[GIN] 2020/05/11 - 10:00:02 | 200 |   56.244848ms |             ::1 | GET      "/api/v1/server/ping?id=8d9f8f20-44a5-4a64-85a5-b17de9ab3ef5"
[GIN] 2020/05/11 - 10:00:03 | 200 |   55.859837ms |             ::1 | GET      "/api/v1/server/ping?id=8d9f8f20-44a5-4a64-85a5-b17de9ab3ef5"
[GIN] 2020/05/11 - 10:00:04 | 200 |    57.57795ms |             ::1 | GET      "/api/v1/server/ping?id=8d9f8f20-44a5-4a64-85a5-b17de9ab3ef5"
[GIN] 2020/05/11 - 10:00:05 | 200 |   84.490348ms |             ::1 | GET      "/api/v1/server/ping?id=8d9f8f20-44a5-4a64-85a5-b17de9ab3ef5"
[GIN] 2020/05/11 - 10:00:06 | 200 |   57.546077ms |             ::1 | GET      "/api/v1/server/ping?id=8d9f8f20-44a5-4a64-85a5-b17de9ab3ef5"
[GIN] 2020/05/11 - 10:00:07 | 200 |   91.263542ms |             ::1 | GET      "/api/v1/server/ping?id=8d9f8f20-44a5-4a64-85a5-b17de9ab3ef5"
[GIN] 2020/05/11 - 10:00:08 | 200 |   58.966988ms |             ::1 | GET      "/api/v1/server/ping?id=8d9f8f20-44a5-4a64-85a5-b17de9ab3ef5"
[GIN] 2020/05/11 - 10:00:09 | 200 |   55.259275ms |             ::1 | GET      "/api/v1/server/ping?id=8d9f8f20-44a5-4a64-85a5-b17de9ab3ef5"
[GIN] 2020/05/11 - 10:00:10 | 200 |    90.30771ms |             ::1 | GET      "/api/v1/server/ping?id=8d9f8f20-44a5-4a64-85a5-b17de9ab3ef5"
[GIN] 2020/05/11 - 10:00:11 | 200 |   72.160982ms |             ::1 | GET      "/api/v1/server/ping?id=8d9f8f20-44a5-4a64-85a5-b17de9ab3ef5"
[GIN] 2020/05/11 - 10:00:12 | 200 |   52.443537ms |             ::1 | GET      "/api/v1/server/ping?id=8d9f8f20-44a5-4a64-85a5-b17de9ab3ef5"
[GIN] 2020/05/11 - 10:00:13 | 200 |    47.27322ms |             ::1 | GET      "/api/v1/server/ping?id=8d9f8f20-44a5-4a64-85a5-b17de9ab3ef5"
[GIN] 2020/05/11 - 10:00:15 | 200 |  328.082161ms |             ::1 | GET      "/api/v1/server/ping?id=8d9f8f20-44a5-4a64-85a5-b17de9ab3ef5"
[GIN] 2020/05/11 - 10:00:15 | 200 |   96.514751ms |             ::1 | GET      "/api/v1/server/ping?id=8d9f8f20-44a5-4a64-85a5-b17de9ab3ef5"
[GIN] 2020/05/11 - 10:00:16 | 200 |   69.828969ms |             ::1 | GET      "/api/v1/server/ping?id=8d9f8f20-44a5-4a64-85a5-b17de9ab3ef5"
[GIN] 2020/05/11 - 10:00:17 | 200 |     51.9749ms |             ::1 | GET      "/api/v1/server/ping?id=8d9f8f20-44a5-4a64-85a5-b17de9ab3ef5"
[GIN] 2020/05/11 - 10:00:18 | 200 |   47.801252ms |             ::1 | GET      "/api/v1/server/ping?id=8d9f8f20-44a5-4a64-85a5-b17de9ab3ef5"
[GIN] 2020/05/11 - 10:00:19 | 200 |   86.071215ms |             ::1 | GET      "/api/v1/server/ping?id=8d9f8f20-44a5-4a64-85a5-b17de9ab3ef5"
[GIN] 2020/05/11 - 10:00:20 | 200 |    67.82493ms |             ::1 | GET      "/api/v1/server/ping?id=8d9f8f20-44a5-4a64-85a5-b17de9ab3ef5"
[GIN] 2020/05/11 - 10:00:21 | 200 |   77.219019ms |             ::1 | GET      "/api/v1/server/ping?id=8d9f8f20-44a5-4a64-85a5-b17de9ab3ef5"
[GIN] 2020/05/11 - 10:00:22 | 200 |   56.013633ms |             ::1 | GET      "/api/v1/server/ping?id=8d9f8f20-44a5-4a64-85a5-b17de9ab3ef5"
[GIN] 2020/05/11 - 10:00:23 | 200 |   56.560556ms |             ::1 | GET      "/api/v1/server/ping?id=8d9f8f20-44a5-4a64-85a5-b17de9ab3ef5"
[GIN] 2020/05/11 - 10:00:24 | 200 |   65.143224ms |             ::1 | GET      "/api/v1/server/ping?id=8d9f8f20-44a5-4a64-85a5-b17de9ab3ef5"
[GIN] 2020/05/11 - 10:00:25 | 200 |   69.167384ms |             ::1 | GET      "/api/v1/server/ping?id=8d9f8f20-44a5-4a64-85a5-b17de9ab3ef5"
[GIN] 2020/05/11 - 10:00:26 | 200 |   54.509613ms |             ::1 | GET      "/api/v1/server/ping?id=8d9f8f20-44a5-4a64-85a5-b17de9ab3ef5"
[GIN] 2020/05/11 - 10:00:27 | 200 |   54.384261ms |             ::1 | GET      "/api/v1/server/ping?id=8d9f8f20-44a5-4a64-85a5-b17de9ab3ef5"
[GIN] 2020/05/11 - 10:00:28 | 200 |   56.075499ms |             ::1 | GET      "/api/v1/server/ping?id=8d9f8f20-44a5-4a64-85a5-b17de9ab3ef5"
[GIN] 2020/05/11 - 10:00:29 | 200 |   66.807489ms |             ::1 | GET      "/api/v1/server/ping?id=8d9f8f20-44a5-4a64-85a5-b17de9ab3ef5"
[GIN] 2020/05/11 - 10:00:30 | 200 |   71.703634ms |             ::1 | GET      "/api/v1/server/ping?id=8d9f8f20-44a5-4a64-85a5-b17de9ab3ef5"
[GIN] 2020/05/11 - 10:00:31 | 200 |   52.729617ms |             ::1 | GET      "/api/v1/server/ping?id=8d9f8f20-44a5-4a64-85a5-b17de9ab3ef5"
[GIN] 2020/05/11 - 10:00:32 | 200 |   51.275999ms |             ::1 | GET      "/api/v1/server/ping?id=8d9f8f20-44a5-4a64-85a5-b17de9ab3ef5"
[GIN] 2020/05/11 - 10:00:33 | 200 |   76.182083ms |             ::1 | GET      "/api/v1/server/ping?id=8d9f8f20-44a5-4a64-85a5-b17de9ab3ef5"
[GIN] 2020/05/11 - 10:00:34 | 200 |   87.677853ms |             ::1 | GET      "/api/v1/server/ping?id=8d9f8f20-44a5-4a64-85a5-b17de9ab3ef5"
[GIN] 2020/05/11 - 10:00:36 | 200 |  693.107399ms |             ::1 | GET      "/api/v1/server/ping?id=8d9f8f20-44a5-4a64-85a5-b17de9ab3ef5"
[GIN] 2020/05/11 - 10:00:37 | 200 |  1.099276454s |             ::1 | GET      "/api/v1/server/ping?id=8d9f8f20-44a5-4a64-85a5-b17de9ab3ef5"
[GIN] 2020/05/11 - 10:00:38 | 200 |   69.436474ms |             ::1 | GET      "/api/v1/server/ping?id=8d9f8f20-44a5-4a64-85a5-b17de9ab3ef5"
[GIN] 2020/05/11 - 10:00:39 | 200 |    574.4017ms |             ::1 | GET      "/api/v1/server/ping?id=8d9f8f20-44a5-4a64-85a5-b17de9ab3ef5"
[GIN] 2020/05/11 - 10:00:42 | 200 |  2.157226909s |             ::1 | GET      "/api/v1/server/ping?id=8d9f8f20-44a5-4a64-85a5-b17de9ab3ef5"
[GIN] 2020/05/11 - 10:00:42 | 200 |   51.638121ms |             ::1 | GET      "/api/v1/server/ping?id=8d9f8f20-44a5-4a64-85a5-b17de9ab3ef5"
[GIN] 2020/05/11 - 10:00:42 | 200 |    68.36404ms |             ::1 | GET      "/api/v1/server/ping?id=8d9f8f20-44a5-4a64-85a5-b17de9ab3ef5"
[GIN] 2020/05/11 - 10:00:43 | 200 |  482.720697ms |             ::1 | GET      "/api/v1/server/ping?id=8d9f8f20-44a5-4a64-85a5-b17de9ab3ef5"
[GIN] 2020/05/11 - 10:00:44 | 200 |  860.263833ms |             ::1 | GET      "/api/v1/server/ping?id=8d9f8f20-44a5-4a64-85a5-b17de9ab3ef5"
[GIN] 2020/05/11 - 10:00:44 | 200 |   62.667447ms |             ::1 | GET      "/api/v1/server/ping?id=8d9f8f20-44a5-4a64-85a5-b17de9ab3ef5"
[GIN] 2020/05/11 - 10:00:46 | 200 |  875.031503ms |             ::1 | GET      "/api/v1/server/ping?id=8d9f8f20-44a5-4a64-85a5-b17de9ab3ef5"
[GIN] 2020/05/11 - 10:00:46 | 200 |   76.673201ms |             ::1 | GET      "/api/v1/server/ping?id=8d9f8f20-44a5-4a64-85a5-b17de9ab3ef5"
[GIN] 2020/05/11 - 10:00:48 | 200 |  979.676348ms |             ::1 | GET      "/api/v1/server/ping?id=8d9f8f20-44a5-4a64-85a5-b17de9ab3ef5"
[GIN] 2020/05/11 - 10:00:49 | 200 |   143.10345ms |             ::1 | GET      "/api/v1/server/ping?id=8d9f8f20-44a5-4a64-85a5-b17de9ab3ef5"
[GIN] 2020/05/11 - 10:00:50 | 200 |  380.647968ms |             ::1 | GET      "/api/v1/server/ping?id=8d9f8f20-44a5-4a64-85a5-b17de9ab3ef5"
[GIN] 2020/05/11 - 10:00:51 | 200 |  804.793067ms |             ::1 | GET      "/api/v1/server/ping?id=8d9f8f20-44a5-4a64-85a5-b17de9ab3ef5"
[GIN] 2020/05/11 - 10:00:51 | 200 |   76.891511ms |             ::1 | GET      "/api/v1/server/ping?id=8d9f8f20-44a5-4a64-85a5-b17de9ab3ef5"
[GIN] 2020/05/11 - 10:00:53 | 200 |  879.245029ms |             ::1 | GET      "/api/v1/server/ping?id=8d9f8f20-44a5-4a64-85a5-b17de9ab3ef5"
[GIN] 2020/05/11 - 10:00:53 | 200 |  108.590869ms |             ::1 | GET      "/api/v1/server/ping?id=8d9f8f20-44a5-4a64-85a5-b17de9ab3ef5"
[GIN] 2020/05/11 - 10:00:55 | 200 |  865.504933ms |             ::1 | GET      "/api/v1/server/ping?id=8d9f8f20-44a5-4a64-85a5-b17de9ab3ef5"
[GIN] 2020/05/11 - 10:00:55 | 200 |   52.851604ms |             ::1 | GET      "/api/v1/server/ping?id=8d9f8f20-44a5-4a64-85a5-b17de9ab3ef5"
[GIN] 2020/05/11 - 10:00:57 | 200 |  841.315474ms |             ::1 | GET      "/api/v1/server/ping?id=8d9f8f20-44a5-4a64-85a5-b17de9ab3ef5"
[GIN] 2020/05/11 - 10:00:57 | 200 |   51.638097ms |             ::1 | GET      "/api/v1/server/ping?id=8d9f8f20-44a5-4a64-85a5-b17de9ab3ef5"
[GIN] 2020/05/11 - 12:07:59 | 200 |   13.965923ms |             ::1 | GET      "/"
[GIN] 2020/05/11 - 12:07:59 | 200 |     984.405µs |             ::1 | GET      "/static/css/app.2107c99d.css"
[GIN] 2020/05/11 - 12:07:59 | 200 |     760.113µs |             ::1 | GET      "/static/css/chunk-libs.3dfb7769.css"
[GIN] 2020/05/11 - 12:08:00 | 200 |    1.357176ms |             ::1 | GET      "/static/css/chunk-elementUI.ded27da0.css"
[GIN] 2020/05/11 - 12:08:00 | 200 |    1.646609ms |             ::1 | GET      "/static/js/chunk-elementUI.2343f68b.js"
[GIN] 2020/05/11 - 12:08:00 | 200 |    1.110171ms |             ::1 | GET      "/static/js/chunk-libs.eee2dcd9.js"
[GIN] 2020/05/11 - 12:08:00 | 200 |     873.708µs |             ::1 | GET      "/static/js/app.332cd29d.js"
[GIN] 2020/05/11 - 12:08:01 | 200 |   621.46472ms |             ::1 | GET      "/api/v1/user/info"
[GIN] 2020/05/11 - 12:08:01 | 200 |    1.650717ms |             ::1 | GET      "/static/js/chunk-a3fa16c6.f8914204.js"
[GIN] 2020/05/11 - 12:08:01 | 200 |     621.284µs |             ::1 | GET      "/static/css/chunk-a3fa16c6.b902ef2d.css"
[GIN] 2020/05/11 - 12:08:01 | 200 |   47.380888ms |             ::1 | GET      "/static/fonts/element-icons.535877f5.woff"
[GIN] 2020/05/11 - 12:08:01 | 200 |   70.557672ms |             ::1 | GET      "/favicon.ico"
[GIN] 2020/05/11 - 12:08:01 | 200 |  343.868588ms |             ::1 | GET      "/api/v1/user/info"
[GIN] 2020/05/11 - 12:08:07 | 200 |  323.180073ms |             ::1 | GET      "/api/v1/user/info"
[GIN] 2020/05/11 - 12:08:07 | 200 |     743.459µs |             ::1 | GET      "/static/js/chunk-26b79b28.725781cd.js"
[GIN] 2020/05/11 - 12:08:07 | 200 |     704.714µs |             ::1 | GET      "/static/css/chunk-26b79b28.5c8e99ce.css"
[GIN] 2020/05/11 - 12:08:08 | 200 |   40.521756ms |             ::1 | GET      "/api/v1/server/list"
[GIN] 2020/05/11 - 12:08:12 | 200 |  200.985554ms |             ::1 | POST     "/api/v1/server"
[GIN] 2020/05/11 - 12:08:15 | 200 |  1.284216192s |             ::1 | GET      "/api/v1/server/ping?id=8d9f8f20-44a5-4a64-85a5-b17de9ab3ef5"
[GIN] 2020/05/11 - 12:08:15 | 200 |  132.689784ms |             ::1 | GET      "/api/v1/server/ping?id=8d9f8f20-44a5-4a64-85a5-b17de9ab3ef5"
[GIN] 2020/05/11 - 12:08:16 | 200 |    71.18251ms |             ::1 | GET      "/api/v1/server/ping?id=8d9f8f20-44a5-4a64-85a5-b17de9ab3ef5"
[GIN] 2020/05/11 - 12:08:17 | 200 |   70.539607ms |             ::1 | GET      "/api/v1/server/ping?id=8d9f8f20-44a5-4a64-85a5-b17de9ab3ef5"
[GIN] 2020/05/11 - 12:08:18 | 200 |   64.924392ms |             ::1 | GET      "/api/v1/server/ping?id=8d9f8f20-44a5-4a64-85a5-b17de9ab3ef5"
[GIN] 2020/05/11 - 12:08:19 | 200 |   278.99668ms |             ::1 | GET      "/api/v1/server/ping?id=8d9f8f20-44a5-4a64-85a5-b17de9ab3ef5"
[GIN] 2020/05/11 - 12:08:20 | 200 |  406.198638ms |             ::1 | GET      "/api/v1/server/ping?id=8d9f8f20-44a5-4a64-85a5-b17de9ab3ef5"
[GIN] 2020/05/11 - 12:08:21 | 200 |  317.915282ms |             ::1 | GET      "/api/v1/server/ping?id=8d9f8f20-44a5-4a64-85a5-b17de9ab3ef5"
[GIN] 2020/05/11 - 12:08:22 | 200 |   43.810734ms |             ::1 | GET      "/api/v1/server/ping?id=8d9f8f20-44a5-4a64-85a5-b17de9ab3ef5"
[GIN] 2020/05/11 - 12:08:23 | 200 |   91.107897ms |             ::1 | GET      "/api/v1/server/ping?id=8d9f8f20-44a5-4a64-85a5-b17de9ab3ef5"
[GIN] 2020/05/11 - 12:08:24 | 200 |  315.850277ms |             ::1 | GET      "/api/v1/server/ping?id=8d9f8f20-44a5-4a64-85a5-b17de9ab3ef5"
[GIN] 2020/05/11 - 12:08:25 | 200 |   159.19667ms |             ::1 | GET      "/api/v1/server/ping?id=8d9f8f20-44a5-4a64-85a5-b17de9ab3ef5"
[GIN] 2020/05/11 - 12:08:26 | 200 |  396.882197ms |             ::1 | GET      "/api/v1/server/ping?id=8d9f8f20-44a5-4a64-85a5-b17de9ab3ef5"
[GIN] 2020/05/11 - 12:08:27 | 200 |  631.613095ms |             ::1 | GET      "/api/v1/server/ping?id=8d9f8f20-44a5-4a64-85a5-b17de9ab3ef5"
[GIN] 2020/05/11 - 12:08:28 | 200 |   78.271422ms |             ::1 | GET      "/api/v1/server/ping?id=8d9f8f20-44a5-4a64-85a5-b17de9ab3ef5"
[GIN] 2020/05/11 - 12:08:28 | 200 |  160.436605ms |             ::1 | GET      "/api/v1/user/info"
[GIN] 2020/05/11 - 12:08:28 | 200 |     205.594µs |             ::1 | GET      "/static/css/chunk-2aaab5fe.23a2ad51.css"
[GIN] 2020/05/11 - 12:08:28 | 200 |     759.143µs |             ::1 | GET      "/static/js/chunk-2aaab5fe.eb88fefe.js"
[GIN] 2020/05/11 - 12:08:29 | 200 |  120.671428ms |             ::1 | GET      "/api/v1/server/ping?id=8d9f8f20-44a5-4a64-85a5-b17de9ab3ef5"
[GIN] 2020/05/11 - 12:08:29 | 200 |   51.858352ms |             ::1 | GET      "/api/v1/config/list"
[GIN] 2020/05/11 - 12:08:30 | 200 |   44.200952ms |             ::1 | GET      "/api/v1/server/ping?id=8d9f8f20-44a5-4a64-85a5-b17de9ab3ef5"
[GIN] 2020/05/11 - 12:08:31 | 200 |   165.56172ms |             ::1 | GET      "/api/v1/server/ping?id=8d9f8f20-44a5-4a64-85a5-b17de9ab3ef5"
[GIN] 2020/05/11 - 12:08:32 | 200 |   89.836817ms |             ::1 | GET      "/api/v1/server/ping?id=8d9f8f20-44a5-4a64-85a5-b17de9ab3ef5"
[GIN] 2020/05/11 - 12:08:33 | 200 |   65.327211ms |             ::1 | GET      "/api/v1/server/ping?id=8d9f8f20-44a5-4a64-85a5-b17de9ab3ef5"
[GIN] 2020/05/11 - 12:08:34 | 200 |   75.227815ms |             ::1 | GET      "/api/v1/server/ping?id=8d9f8f20-44a5-4a64-85a5-b17de9ab3ef5"
[GIN] 2020/05/11 - 12:08:35 | 200 |   61.178072ms |             ::1 | GET      "/api/v1/server/ping?id=8d9f8f20-44a5-4a64-85a5-b17de9ab3ef5"
[GIN] 2020/05/11 - 12:08:36 | 200 |     96.6537ms |             ::1 | GET      "/api/v1/server/ping?id=8d9f8f20-44a5-4a64-85a5-b17de9ab3ef5"
[GIN] 2020/05/11 - 12:08:37 | 200 |   86.242472ms |             ::1 | GET      "/api/v1/server/ping?id=8d9f8f20-44a5-4a64-85a5-b17de9ab3ef5"
[GIN] 2020/05/11 - 12:08:38 | 200 |   56.577756ms |             ::1 | GET      "/api/v1/server/ping?id=8d9f8f20-44a5-4a64-85a5-b17de9ab3ef5"
[GIN] 2020/05/11 - 12:08:39 | 200 |  434.089338ms |             ::1 | GET      "/api/v1/server/ping?id=8d9f8f20-44a5-4a64-85a5-b17de9ab3ef5"
[GIN] 2020/05/11 - 12:08:40 | 200 |  131.050646ms |             ::1 | GET      "/api/v1/server/ping?id=8d9f8f20-44a5-4a64-85a5-b17de9ab3ef5"
[GIN] 2020/05/11 - 12:08:40 | 200 |  142.576898ms |             ::1 | GET      "/api/v1/user/info"
[GIN] 2020/05/11 - 12:08:41 | 200 |   66.731255ms |             ::1 | GET      "/api/v1/server/ping?id=8d9f8f20-44a5-4a64-85a5-b17de9ab3ef5"
[GIN] 2020/05/11 - 12:08:41 | 200 |   70.399711ms |             ::1 | GET      "/api/v1/server/list"
[GIN] 2020/05/11 - 12:08:42 | 200 |   48.633298ms |             ::1 | GET      "/api/v1/server/ping?id=8d9f8f20-44a5-4a64-85a5-b17de9ab3ef5"
[GIN] 2020/05/11 - 12:08:43 | 200 |  702.991462ms |             ::1 | GET      "/api/v1/server/ping?id=8d9f8f20-44a5-4a64-85a5-b17de9ab3ef5"
[GIN] 2020/05/11 - 12:08:43 | 200 |  369.660763ms |             ::1 | GET      "/api/v1/server/ping?id=8d9f8f20-44a5-4a64-85a5-b17de9ab3ef5"
[GIN] 2020/05/11 - 12:08:44 | 200 |   554.97242ms |             ::1 | GET      "/api/v1/server/ping?id=8d9f8f20-44a5-4a64-85a5-b17de9ab3ef5"
[GIN] 2020/05/11 - 12:08:44 | 200 |  638.482091ms |             ::1 | GET      "/api/v1/server/list"
[GIN] 2020/05/11 - 12:08:44 | 200 |   70.594453ms |             ::1 | GET      "/api/v1/server/list"
[GIN] 2020/05/11 - 12:08:52 | 200 |   231.23339ms |             ::1 | GET      "/api/v1/user/info"
[GIN] 2020/05/11 - 12:08:52 | 200 |     592.901µs |             ::1 | GET      "/static/js/chunk-5f709bde.0443bedf.js"
[GIN] 2020/05/11 - 12:08:52 | 200 |     438.027µs |             ::1 | GET      "/static/css/chunk-5f709bde.aea91c1b.css"
[GIN] 2020/05/11 - 12:08:53 | 200 |    49.71028ms |             ::1 | GET      "/api/v1/server/detail?id=8d9f8f20-44a5-4a64-85a5-b17de9ab3ef5"
[GIN] 2020/05/11 - 12:09:04 | 200 |  1.162247366s |             ::1 | GET      "/api/v1/user/info"
[GIN] 2020/05/11 - 12:09:05 | 200 |   54.006877ms |             ::1 | GET      "/api/v1/server/list"
